<?xml version="1.0" encoding="UTF-8"?>
<coverage generated="1785547402159" clover="3.2.0">
  <project timestamp="1785547402160" name="All files">
    <metrics statements="4381" coveredstatements="3227" conditionals="4223" coveredconditionals="2706" methods="1420" coveredmethods="923" elements="10024" coveredelements="6856" complexity="0" loc="4381" ncloc="4381" packages="22" files="169" classes="169"/>
    <package name="src">
      <metrics statements="17" coveredstatements="0" conditionals="2" coveredconditionals="0" methods="12" coveredmethods="0"/>
      <file name="main.tsx" path="/private/tmp/claude-501/-Users-sakae-dev-alpha-trade/967d72ff-76f5-412d-944c-5074c016516a/scratchpad/wt-393/frontend/src/main.tsx">
        <metrics statements="4" coveredstatements="0" conditionals="2" coveredconditionals="0" methods="0" coveredmethods="0"/>
        <line num="19" count="0" type="stmt"/>
        <line num="20" count="0" type="cond" truecount="0" falsecount="2"/>
        <line num="21" count="0" type="stmt"/>
        <line num="24" count="0" type="stmt"/>
      </file>
      <file name="router.tsx" path="/private/tmp/claude-501/-Users-sakae-dev-alpha-trade/967d72ff-76f5-412d-944c-5074c016516a/scratchpad/wt-393/frontend/src/router.tsx">
        <metrics statements="13" coveredstatements="0" conditionals="0" coveredconditionals="0" methods="12" coveredmethods="0"/>
        <line num="25" count="0" type="stmt"/>
        <line num="26" count="0" type="stmt"/>
        <line num="28" count="0" type="stmt"/>
        <line num="37" count="0" type="stmt"/>
        <line num="40" count="0" type="stmt"/>
        <line num="44" count="0" type="stmt"/>
        <line num="56" count="0" type="stmt"/>
        <line num="60" count="0" type="stmt"/>
        <line num="64" count="0" type="stmt"/>
        <line num="68" count="0" type="stmt"/>
        <line num="72" count="0" type="stmt"/>
        <line num="76" count="0" type="stmt"/>
        <line num="80" count="0" type="stmt"/>
      </file>
    </package>
    <package name="src.api">
      <metrics statements="45" coveredstatements="19" conditionals="33" coveredconditionals="10" methods="31" coveredmethods="6"/>
      <file name="client.ts" path="/private/tmp/claude-501/-Users-sakae-dev-alpha-trade/967d72ff-76f5-412d-944c-5074c016516a/scratchpad/wt-393/frontend/src/api/client.ts">
        <metrics statements="44" coveredstatements="19" conditionals="31" coveredconditionals="10" methods="30" coveredmethods="6"/>
        <line num="3" count="8" type="stmt"/>
        <line num="9" count="4" type="stmt"/>
        <line num="10" count="4" type="stmt"/>
        <line num="11" count="4" type="stmt"/>
        <line num="12" count="4" type="stmt"/>
        <line num="17" count="8" type="stmt"/>
        <line num="24" count="6" type="cond" truecount="2" falsecount="0"/>
        <line num="25" count="1" type="stmt"/>
        <line num="26" count="1" type="cond" truecount="1" falsecount="1"/>
        <line num="28" count="5" type="stmt"/>
        <line num="32" count="8" type="stmt"/>
        <line num="35" count="8" type="stmt"/>
        <line num="37" count="0" type="stmt"/>
        <line num="40" count="0" type="stmt"/>
        <line num="43" count="0" type="stmt"/>
        <line num="49" count="0" type="stmt"/>
        <line num="52" count="0" type="stmt"/>
        <line num="56" count="1" type="stmt"/>
        <line num="59" count="0" type="stmt"/>
        <line num="62" count="0" type="stmt"/>
        <line num="77" count="1" type="stmt"/>
        <line num="80" count="0" type="cond" truecount="0" falsecount="2"/>
        <line num="81" count="1" type="stmt"/>
        <line num="83" count="0" type="cond" truecount="0" falsecount="4"/>
        <line num="86" count="0" type="stmt"/>
        <line num="97" count="0" type="stmt"/>
        <line num="100" count="0" type="stmt"/>
        <line num="107" count="0" type="stmt"/>
        <line num="113" count="0" type="stmt"/>
        <line num="116" count="0" type="stmt"/>
        <line num="119" count="0" type="stmt"/>
        <line num="125" count="0" type="stmt"/>
        <line num="138" count="0" type="stmt"/>
        <line num="148" count="0" type="cond" truecount="0" falsecount="2"/>
        <line num="151" count="0" type="stmt"/>
        <line num="154" count="0" type="stmt"/>
        <line num="157" count="0" type="cond" truecount="0" falsecount="2"/>
        <line num="158" count="0" type="stmt"/>
        <line num="168" count="6" type="stmt"/>
        <line num="169" count="6" type="cond" truecount="2" falsecount="0"/>
        <line num="170" count="6" type="cond" truecount="2" falsecount="0"/>
        <line num="171" count="6" type="stmt"/>
        <line num="179" count="0" type="stmt"/>
        <line num="184" count="0" type="stmt"/>
      </file>
      <file name="types.gen.ts" path="/private/tmp/claude-501/-Users-sakae-dev-alpha-trade/967d72ff-76f5-412d-944c-5074c016516a/scratchpad/wt-393/frontend/src/api/types.gen.ts">
        <metrics statements="0" coveredstatements="0" conditionals="0" coveredconditionals="0" methods="0" coveredmethods="0"/>
      </file>
      <file name="types.ts" path="/private/tmp/claude-501/-Users-sakae-dev-alpha-trade/967d72ff-76f5-412d-944c-5074c016516a/scratchpad/wt-393/frontend/src/api/types.ts">
        <metrics statements="1" coveredstatements="0" conditionals="2" coveredconditionals="0" methods="1" coveredmethods="0"/>
        <line num="371" count="0" type="cond" truecount="0" falsecount="2"/>
      </file>
    </package>
    <package name="src.charts.tv">
      <metrics statements="595" coveredstatements="560" conditionals="416" coveredconditionals="323" methods="132" coveredmethods="122"/>
      <file name="CompareEquityTV.tsx" path="/private/tmp/claude-501/-Users-sakae-dev-alpha-trade/967d72ff-76f5-412d-944c-5074c016516a/scratchpad/wt-393/frontend/src/charts/tv/CompareEquityTV.tsx">
        <metrics statements="53" coveredstatements="53" conditionals="34" coveredconditionals="25" methods="14" coveredmethods="14"/>
        <line num="36" count="12" type="stmt"/>
        <line num="37" count="12" type="cond" truecount="3" falsecount="1"/>
        <line num="38" count="360" type="stmt"/>
        <line num="42" count="12" type="stmt"/>
        <line num="46" count="6" type="cond" truecount="2" falsecount="0"/>
        <line num="47" count="6" type="stmt"/>
        <line num="49" count="6" type="stmt"/>
        <line num="50" count="6" type="stmt"/>
        <line num="52" count="6" type="stmt"/>
        <line num="54" count="6" type="stmt"/>
        <line num="56" count="12" type="stmt"/>
        <line num="66" count="6" type="stmt"/>
        <line num="67" count="5" type="stmt"/>
        <line num="68" count="5" type="cond" truecount="1" falsecount="1"/>
        <line num="69" count="5" type="stmt"/>
        <line num="70" count="5" type="stmt"/>
        <line num="71" count="5" type="stmt"/>
        <line num="72" count="5" type="stmt"/>
        <line num="73" count="5" type="stmt"/>
        <line num="74" count="5" type="stmt"/>
        <line num="75" count="5" type="stmt"/>
        <line num="81" count="6" type="stmt"/>
        <line num="82" count="6" type="stmt"/>
        <line num="83" count="6" type="stmt"/>
        <line num="84" count="12" type="stmt"/>
        <line num="85" count="12" type="stmt"/>
        <line num="90" count="6" type="stmt"/>
        <line num="91" count="6" type="stmt"/>
        <line num="92" count="6" type="cond" truecount="1" falsecount="1"/>
        <line num="93" count="12" type="stmt"/>
        <line num="96" count="6" type="stmt"/>
        <line num="97" count="2" type="cond" truecount="2" falsecount="0"/>
        <line num="98" count="1" type="stmt"/>
        <line num="99" count="1" type="stmt"/>
        <line num="104" count="6" type="stmt"/>
        <line num="105" count="12" type="stmt"/>
        <line num="106" count="12" type="cond" truecount="2" falsecount="0"/>
        <line num="107" count="11" type="stmt"/>
        <line num="113" count="11" type="stmt"/>
        <line num="115" count="1" type="stmt"/>
        <line num="120" count="12" type="stmt"/>
        <line num="127" count="6" type="stmt"/>
        <line num="128" count="6" type="stmt"/>
        <line num="129" count="12" type="stmt"/>
        <line num="130" count="12" type="stmt"/>
        <line num="131" count="12" type="cond" truecount="2" falsecount="2"/>
        <line num="132" count="12" type="cond" truecount="2" falsecount="2"/>
        <line num="134" count="6" type="cond" truecount="1" falsecount="1"/>
        <line num="135" count="24" type="cond" truecount="2" falsecount="0"/>
        <line num="136" count="24" type="cond" truecount="2" falsecount="0"/>
        <line num="137" count="6" type="stmt"/>
        <line num="141" count="6" type="stmt"/>
        <line num="161" count="12" type="stmt"/>
      </file>
      <file name="EquityDrawdownPaneTV.tsx" path="/private/tmp/claude-501/-Users-sakae-dev-alpha-trade/967d72ff-76f5-412d-944c-5074c016516a/scratchpad/wt-393/frontend/src/charts/tv/EquityDrawdownPaneTV.tsx">
        <metrics statements="147" coveredstatements="129" conditionals="100" coveredconditionals="76" methods="31" coveredmethods="27"/>
        <line num="33" count="2" type="stmt"/>
        <line num="85" count="54" type="stmt"/>
        <line num="87" count="54" type="stmt"/>
        <line num="88" count="54" type="stmt"/>
        <line num="89" count="54" type="stmt"/>
        <line num="90" count="54" type="stmt"/>
        <line num="92" count="54" type="stmt"/>
        <line num="93" count="54" type="stmt"/>
        <line num="94" count="54" type="stmt"/>
        <line num="95" count="54" type="stmt"/>
        <line num="96" count="54" type="stmt"/>
        <line num="97" count="54" type="stmt"/>
        <line num="99" count="54" type="stmt"/>
        <line num="101" count="54" type="stmt"/>
        <line num="103" count="54" type="stmt"/>
        <line num="104" count="28" type="cond" truecount="1" falsecount="1"/>
        <line num="105" count="28" type="cond" truecount="1" falsecount="1"/>
        <line num="106" count="28" type="cond" truecount="1" falsecount="1"/>
        <line num="107" count="28" type="stmt"/>
        <line num="110" count="54" type="cond" truecount="2" falsecount="0"/>
        <line num="112" count="54" type="stmt"/>
        <line num="113" count="28" type="stmt"/>
        <line num="114" count="785" type="stmt"/>
        <line num="115" count="785" type="cond" truecount="1" falsecount="1"/>
        <line num="116" count="28" type="stmt"/>
        <line num="117" count="785" type="stmt"/>
        <line num="118" count="28" type="stmt"/>
        <line num="119" count="28" type="stmt"/>
        <line num="130" count="54" type="stmt"/>
        <line num="131" count="25" type="stmt"/>
        <line num="132" count="25" type="cond" truecount="1" falsecount="1"/>
        <line num="135" count="25" type="stmt"/>
        <line num="136" count="25" type="stmt"/>
        <line num="140" count="25" type="stmt"/>
        <line num="141" count="25" type="stmt"/>
        <line num="143" count="25" type="stmt"/>
        <line num="148" count="25" type="stmt"/>
        <line num="150" count="25" type="stmt"/>
        <line num="155" count="25" type="stmt"/>
        <line num="157" count="25" type="stmt"/>
        <line num="159" count="25" type="stmt"/>
        <line num="160" count="25" type="stmt"/>
        <line num="161" count="25" type="stmt"/>
        <line num="162" count="25" type="stmt"/>
        <line num="163" count="25" type="stmt"/>
        <line num="164" count="25" type="stmt"/>
        <line num="165" count="25" type="stmt"/>
        <line num="166" count="25" type="stmt"/>
        <line num="167" count="25" type="stmt"/>
        <line num="174" count="54" type="stmt"/>
        <line num="175" count="25" type="stmt"/>
        <line num="176" count="25" type="stmt"/>
        <line num="177" count="25" type="stmt"/>
        <line num="178" count="25" type="cond" truecount="4" falsecount="1"/>
        <line num="179" count="25" type="stmt"/>
        <line num="180" count="25" type="stmt"/>
        <line num="181" count="25" type="stmt"/>
        <line num="182" count="25" type="cond" truecount="1" falsecount="1"/>
        <line num="183" count="0" type="stmt"/>
        <line num="188" count="54" type="stmt"/>
        <line num="189" count="25" type="stmt"/>
        <line num="190" count="25" type="cond" truecount="1" falsecount="1"/>
        <line num="191" count="25" type="cond" truecount="2" falsecount="0"/>
        <line num="192" count="25" type="cond" truecount="4" falsecount="0"/>
        <line num="193" count="1" type="stmt"/>
        <line num="194" count="24" type="cond" truecount="3" falsecount="1"/>
        <line num="195" count="0" type="stmt"/>
        <line num="196" count="0" type="stmt"/>
        <line num="203" count="54" type="stmt"/>
        <line num="204" count="28" type="stmt"/>
        <line num="205" count="28" type="cond" truecount="1" falsecount="1"/>
        <line num="206" count="28" type="stmt"/>
        <line num="207" count="28" type="cond" truecount="2" falsecount="0"/>
        <line num="208" count="28" type="stmt"/>
        <line num="210" count="28" type="cond" truecount="2" falsecount="0"/>
        <line num="213" count="1" type="stmt"/>
        <line num="214" count="2" type="stmt"/>
        <line num="215" count="2" type="cond" truecount="2" falsecount="0"/>
        <line num="216" count="1" type="stmt"/>
        <line num="217" count="1" type="stmt"/>
        <line num="219" count="1" type="stmt"/>
        <line num="225" count="28" type="stmt"/>
        <line num="226" count="5" type="cond" truecount="2" falsecount="0"/>
        <line num="227" count="2" type="stmt"/>
        <line num="228" count="2" type="stmt"/>
        <line num="236" count="28" type="stmt"/>
        <line num="237" count="14" type="stmt"/>
        <line num="240" count="28" type="stmt"/>
        <line num="241" count="15" type="cond" truecount="1" falsecount="1"/>
        <line num="242" count="15" type="stmt"/>
        <line num="243" count="15" type="stmt"/>
        <line num="244" count="15" type="cond" truecount="2" falsecount="0"/>
        <line num="245" count="4" type="stmt"/>
        <line num="247" count="11" type="stmt"/>
        <line num="255" count="54" type="stmt"/>
        <line num="256" count="26" type="stmt"/>
        <line num="257" count="26" type="cond" truecount="1" falsecount="1"/>
        <line num="259" count="26" type="cond" truecount="1" falsecount="1"/>
        <line num="260" count="0" type="stmt"/>
        <line num="261" count="0" type="stmt"/>
        <line num="263" count="26" type="cond" truecount="4" falsecount="0"/>
        <line num="265" count="3" type="stmt"/>
        <line num="266" count="3" type="stmt"/>
        <line num="267" count="3" type="stmt"/>
        <line num="269" count="3" type="stmt"/>
        <line num="270" count="3" type="cond" truecount="1" falsecount="1"/>
        <line num="271" count="3" type="stmt"/>
        <line num="272" count="3" type="stmt"/>
        <line num="278" count="54" type="stmt"/>
        <line num="279" count="28" type="stmt"/>
        <line num="280" count="28" type="stmt"/>
        <line num="281" count="28" type="cond" truecount="4" falsecount="0"/>
        <line num="282" count="1" type="stmt"/>
        <line num="285" count="28" type="cond" truecount="2" falsecount="0"/>
        <line num="286" count="28" type="stmt"/>
        <line num="287" count="15" type="cond" truecount="1" falsecount="1"/>
        <line num="289" count="28" type="stmt"/>
        <line num="294" count="54" type="stmt"/>
        <line num="295" count="28" type="stmt"/>
        <line num="296" count="28" type="stmt"/>
        <line num="297" count="28" type="cond" truecount="3" falsecount="1"/>
        <line num="299" count="54" type="stmt"/>
        <line num="301" count="54" type="stmt"/>
        <line num="303" count="0" type="stmt"/>
        <line num="305" count="0" type="stmt"/>
        <line num="306" count="0" type="cond" truecount="0" falsecount="2"/>
        <line num="307" count="0" type="stmt"/>
        <line num="308" count="0" type="stmt"/>
        <line num="309" count="0" type="cond" truecount="0" falsecount="2"/>
        <line num="310" count="0" type="stmt"/>
        <line num="311" count="0" type="stmt"/>
        <line num="312" count="0" type="stmt"/>
        <line num="313" count="0" type="stmt"/>
        <line num="314" count="0" type="stmt"/>
        <line num="315" count="0" type="stmt"/>
        <line num="323" count="54" type="stmt"/>
        <line num="324" count="26" type="cond" truecount="4" falsecount="0"/>
        <line num="325" count="3" type="stmt"/>
        <line num="328" count="54" type="cond" truecount="1" falsecount="1"/>
        <line num="330" count="54" type="stmt"/>
        <line num="347" count="324" type="stmt"/>
        <line num="348" count="324" type="stmt"/>
        <line num="352" count="0" type="stmt"/>
        <line num="403" count="12" type="stmt"/>
        <line num="428" count="27" type="cond" truecount="2" falsecount="0"/>
        <line num="429" count="1510" type="stmt"/>
        <line num="433" count="702" type="cond" truecount="3" falsecount="1"/>
      </file>
      <file name="RollingMetricsChartTV.tsx" path="/private/tmp/claude-501/-Users-sakae-dev-alpha-trade/967d72ff-76f5-412d-944c-5074c016516a/scratchpad/wt-393/frontend/src/charts/tv/RollingMetricsChartTV.tsx">
        <metrics statements="63" coveredstatements="62" conditionals="33" coveredconditionals="27" methods="14" coveredmethods="13"/>
        <line num="19" count="1" type="stmt"/>
        <line num="24" count="1" type="stmt"/>
        <line num="45" count="5" type="cond" truecount="2" falsecount="0"/>
        <line num="48" count="5" type="stmt"/>
        <line num="49" count="5" type="stmt"/>
        <line num="50" count="5" type="stmt"/>
        <line num="51" count="5" type="stmt"/>
        <line num="52" count="5" type="stmt"/>
        <line num="53" count="600" type="stmt"/>
        <line num="54" count="600" type="cond" truecount="2" falsecount="0"/>
        <line num="55" count="305" type="cond" truecount="1" falsecount="1"/>
        <line num="56" count="600" type="cond" truecount="1" falsecount="1"/>
        <line num="57" count="305" type="stmt"/>
        <line num="58" count="305" type="stmt"/>
        <line num="60" count="5" type="stmt"/>
        <line num="64" count="7" type="cond" truecount="1" falsecount="0"/>
        <line num="65" count="7" type="stmt"/>
        <line num="66" count="7" type="stmt"/>
        <line num="67" count="7" type="stmt"/>
        <line num="68" count="7" type="stmt"/>
        <line num="69" count="7" type="stmt"/>
        <line num="71" count="7" type="stmt"/>
        <line num="72" count="7" type="stmt"/>
        <line num="74" count="7" type="stmt"/>
        <line num="75" count="7" type="stmt"/>
        <line num="77" count="7" type="stmt"/>
        <line num="78" count="5" type="stmt"/>
        <line num="82" count="7" type="stmt"/>
        <line num="84" count="7" type="stmt"/>
        <line num="85" count="2" type="stmt"/>
        <line num="86" count="2" type="cond" truecount="1" falsecount="1"/>
        <line num="87" count="2" type="stmt"/>
        <line num="88" count="2" type="stmt"/>
        <line num="89" count="2" type="stmt"/>
        <line num="90" count="2" type="stmt"/>
        <line num="96" count="2" type="stmt"/>
        <line num="97" count="2" type="stmt"/>
        <line num="98" count="2" type="stmt"/>
        <line num="99" count="2" type="stmt"/>
        <line num="100" count="2" type="stmt"/>
        <line num="101" count="2" type="stmt"/>
        <line num="107" count="7" type="stmt"/>
        <line num="108" count="2" type="stmt"/>
        <line num="109" count="2" type="stmt"/>
        <line num="110" count="2" type="cond" truecount="3" falsecount="1"/>
        <line num="111" count="2" type="stmt"/>
        <line num="112" count="2" type="stmt"/>
        <line num="115" count="7" type="stmt"/>
        <line num="116" count="5" type="stmt"/>
        <line num="121" count="7" type="stmt"/>
        <line num="122" count="5" type="stmt"/>
        <line num="123" count="5" type="stmt"/>
        <line num="124" count="5" type="cond" truecount="3" falsecount="1"/>
        <line num="126" count="7" type="stmt"/>
        <line num="128" count="7" type="cond" truecount="1" falsecount="1"/>
        <line num="130" count="7" type="stmt"/>
        <line num="144" count="14" type="stmt"/>
        <line num="145" count="14" type="stmt"/>
        <line num="150" count="3" type="stmt"/>
        <line num="172" count="21" type="stmt"/>
        <line num="173" count="21" type="stmt"/>
        <line num="177" count="0" type="stmt"/>
        <line num="204" count="427" type="stmt"/>
      </file>
      <file name="StrategySignalChartTV.tsx" path="/private/tmp/claude-501/-Users-sakae-dev-alpha-trade/967d72ff-76f5-412d-944c-5074c016516a/scratchpad/wt-393/frontend/src/charts/tv/StrategySignalChartTV.tsx">
        <metrics statements="73" coveredstatements="61" conditionals="30" coveredconditionals="21" methods="18" coveredmethods="15"/>
        <line num="52" count="13" type="cond" truecount="2" falsecount="0"/>
        <line num="53" count="13" type="stmt"/>
        <line num="55" count="13" type="stmt"/>
        <line num="56" count="13" type="stmt"/>
        <line num="57" count="13" type="stmt"/>
        <line num="58" count="13" type="stmt"/>
        <line num="59" count="13" type="stmt"/>
        <line num="60" count="13" type="stmt"/>
        <line num="62" count="13" type="stmt"/>
        <line num="63" count="13" type="stmt"/>
        <line num="64" count="13" type="stmt"/>
        <line num="65" count="13" type="stmt"/>
        <line num="66" count="12" type="cond" truecount="2" falsecount="0"/>
        <line num="69" count="13" type="stmt"/>
        <line num="70" count="13" type="cond" truecount="2" falsecount="0"/>
        <line num="71" count="6" type="stmt"/>
        <line num="73" count="13" type="stmt"/>
        <line num="74" count="13" type="stmt"/>
        <line num="80" count="13" type="stmt"/>
        <line num="81" count="12" type="stmt"/>
        <line num="82" count="12" type="cond" truecount="1" falsecount="1"/>
        <line num="83" count="12" type="stmt"/>
        <line num="87" count="12" type="stmt"/>
        <line num="89" count="12" type="stmt"/>
        <line num="90" count="12" type="stmt"/>
        <line num="92" count="12" type="stmt"/>
        <line num="94" count="12" type="stmt"/>
        <line num="97" count="12" type="stmt"/>
        <line num="98" count="12" type="stmt"/>
        <line num="99" count="12" type="stmt"/>
        <line num="100" count="12" type="stmt"/>
        <line num="101" count="12" type="stmt"/>
        <line num="108" count="13" type="stmt"/>
        <line num="109" count="12" type="stmt"/>
        <line num="110" count="12" type="stmt"/>
        <line num="111" count="12" type="cond" truecount="3" falsecount="1"/>
        <line num="112" count="12" type="stmt"/>
        <line num="113" count="12" type="stmt"/>
        <line num="117" count="13" type="stmt"/>
        <line num="118" count="13" type="stmt"/>
        <line num="119" count="13" type="stmt"/>
        <line num="120" count="13" type="stmt"/>
        <line num="121" count="13" type="stmt"/>
        <line num="122" count="13" type="cond" truecount="3" falsecount="1"/>
        <line num="123" count="13" type="stmt"/>
        <line num="128" count="13" type="stmt"/>
        <line num="129" count="13" type="stmt"/>
        <line num="130" count="13" type="cond" truecount="1" falsecount="1"/>
        <line num="131" count="13" type="stmt"/>
        <line num="132" count="3" type="stmt"/>
        <line num="134" count="13" type="stmt"/>
        <line num="135" count="13" type="stmt"/>
        <line num="137" count="21" type="cond" truecount="2" falsecount="0"/>
        <line num="138" count="14" type="cond" truecount="2" falsecount="0"/>
        <line num="139" count="7" type="stmt"/>
        <line num="140" count="21" type="stmt"/>
        <line num="141" count="21" type="stmt"/>
        <line num="145" count="13" type="stmt"/>
        <line num="147" count="0" type="stmt"/>
        <line num="149" count="0" type="stmt"/>
        <line num="150" count="0" type="cond" truecount="0" falsecount="2"/>
        <line num="151" count="0" type="stmt"/>
        <line num="152" count="0" type="stmt"/>
        <line num="153" count="0" type="cond" truecount="0" falsecount="2"/>
        <line num="154" count="0" type="stmt"/>
        <line num="155" count="0" type="stmt"/>
        <line num="156" count="0" type="stmt"/>
        <line num="157" count="0" type="stmt"/>
        <line num="158" count="0" type="stmt"/>
        <line num="159" count="0" type="stmt"/>
        <line num="166" count="13" type="cond" truecount="1" falsecount="1"/>
        <line num="168" count="13" type="stmt"/>
        <line num="182" count="130" type="stmt"/>
      </file>
      <file name="WFOEquityTV.tsx" path="/private/tmp/claude-501/-Users-sakae-dev-alpha-trade/967d72ff-76f5-412d-944c-5074c016516a/scratchpad/wt-393/frontend/src/charts/tv/WFOEquityTV.tsx">
        <metrics statements="49" coveredstatements="49" conditionals="23" coveredconditionals="14" methods="9" coveredmethods="9"/>
        <line num="36" count="4" type="stmt"/>
        <line num="37" count="4" type="stmt"/>
        <line num="38" count="8" type="stmt"/>
        <line num="39" count="8" type="cond" truecount="1" falsecount="1"/>
        <line num="42" count="8" type="stmt"/>
        <line num="43" count="8" type="stmt"/>
        <line num="44" count="8" type="stmt"/>
        <line num="52" count="4" type="stmt"/>
        <line num="56" count="4" type="cond" truecount="1" falsecount="0"/>
        <line num="57" count="4" type="stmt"/>
        <line num="59" count="4" type="stmt"/>
        <line num="60" count="4" type="stmt"/>
        <line num="61" count="4" type="stmt"/>
        <line num="62" count="4" type="stmt"/>
        <line num="64" count="4" type="stmt"/>
        <line num="65" count="4" type="cond" truecount="1" falsecount="1"/>
        <line num="66" count="4" type="cond" truecount="1" falsecount="1"/>
        <line num="67" count="4" type="stmt"/>
        <line num="70" count="4" type="stmt"/>
        <line num="75" count="4" type="stmt"/>
        <line num="76" count="4" type="stmt"/>
        <line num="80" count="4" type="stmt"/>
        <line num="81" count="4" type="stmt"/>
        <line num="82" count="4" type="cond" truecount="1" falsecount="1"/>
        <line num="83" count="4" type="stmt"/>
        <line num="84" count="4" type="stmt"/>
        <line num="85" count="4" type="stmt"/>
        <line num="86" count="4" type="stmt"/>
        <line num="87" count="4" type="stmt"/>
        <line num="88" count="4" type="stmt"/>
        <line num="89" count="4" type="stmt"/>
        <line num="90" count="4" type="stmt"/>
        <line num="91" count="4" type="stmt"/>
        <line num="92" count="4" type="stmt"/>
        <line num="98" count="4" type="stmt"/>
        <line num="99" count="4" type="stmt"/>
        <line num="100" count="4" type="stmt"/>
        <line num="101" count="4" type="cond" truecount="3" falsecount="1"/>
        <line num="102" count="4" type="stmt"/>
        <line num="103" count="4" type="stmt"/>
        <line num="106" count="4" type="stmt"/>
        <line num="107" count="4" type="stmt"/>
        <line num="108" count="4" type="stmt"/>
        <line num="109" count="4" type="stmt"/>
        <line num="110" count="4" type="stmt"/>
        <line num="111" count="4" type="cond" truecount="3" falsecount="1"/>
        <line num="112" count="4" type="stmt"/>
        <line num="116" count="4" type="cond" truecount="1" falsecount="1"/>
        <line num="118" count="4" type="stmt"/>
      </file>
      <file name="data.ts" path="/private/tmp/claude-501/-Users-sakae-dev-alpha-trade/967d72ff-76f5-412d-944c-5074c016516a/scratchpad/wt-393/frontend/src/charts/tv/data.ts">
        <metrics statements="63" coveredstatements="60" conditionals="65" coveredconditionals="45" methods="10" coveredmethods="10"/>
        <line num="19" count="12" type="stmt"/>
        <line num="26" count="3109" type="stmt"/>
        <line num="27" count="3109" type="cond" truecount="2" falsecount="0"/>
        <line num="28" count="3108" type="cond" truecount="2" falsecount="0"/>
        <line num="29" count="3" type="stmt"/>
        <line num="30" count="3" type="cond" truecount="2" falsecount="0"/>
        <line num="31" count="1" type="stmt"/>
        <line num="35" count="123" type="stmt"/>
        <line num="36" count="123" type="stmt"/>
        <line num="37" count="123" type="stmt"/>
        <line num="38" count="1358" type="stmt"/>
        <line num="39" count="1358" type="stmt"/>
        <line num="40" count="1358" type="cond" truecount="3" falsecount="1"/>
        <line num="41" count="1358" type="cond" truecount="2" falsecount="0"/>
        <line num="42" count="1357" type="stmt"/>
        <line num="43" count="1357" type="cond" truecount="1" falsecount="1"/>
        <line num="44" count="1357" type="stmt"/>
        <line num="46" count="123" type="stmt"/>
        <line num="55" count="12" type="stmt"/>
        <line num="56" count="12" type="stmt"/>
        <line num="57" count="120" type="stmt"/>
        <line num="58" count="120" type="cond" truecount="1" falsecount="1"/>
        <line num="59" count="120" type="cond" truecount="1" falsecount="1"/>
        <line num="64" count="0" type="stmt"/>
        <line num="65" count="120" type="stmt"/>
        <line num="73" count="108" type="stmt"/>
        <line num="74" count="12" type="stmt"/>
        <line num="82" count="136" type="cond" truecount="6" falsecount="2"/>
        <line num="83" count="0" type="cond" truecount="0" falsecount="4"/>
        <line num="85" count="0" type="cond" truecount="0" falsecount="4"/>
        <line num="94" count="29" type="stmt"/>
        <line num="95" count="29" type="stmt"/>
        <line num="96" count="29" type="stmt"/>
        <line num="97" count="787" type="stmt"/>
        <line num="98" count="787" type="stmt"/>
        <line num="99" count="787" type="cond" truecount="3" falsecount="1"/>
        <line num="100" count="787" type="cond" truecount="1" falsecount="1"/>
        <line num="101" count="787" type="stmt"/>
        <line num="102" count="787" type="cond" truecount="1" falsecount="1"/>
        <line num="103" count="787" type="stmt"/>
        <line num="105" count="29" type="stmt"/>
        <line num="125" count="29" type="stmt"/>
        <line num="126" count="29" type="stmt"/>
        <line num="127" count="29" type="stmt"/>
        <line num="128" count="29" type="stmt"/>
        <line num="129" count="29" type="stmt"/>
        <line num="130" count="788" type="stmt"/>
        <line num="131" count="788" type="cond" truecount="1" falsecount="1"/>
        <line num="132" count="788" type="stmt"/>
        <line num="133" count="788" type="cond" truecount="4" falsecount="0"/>
        <line num="134" count="32" type="stmt"/>
        <line num="136" count="788" type="stmt"/>
        <line num="137" count="396" type="stmt"/>
        <line num="138" count="396" type="cond" truecount="3" falsecount="1"/>
        <line num="139" count="396" type="stmt"/>
        <line num="142" count="788" type="stmt"/>
        <line num="144" count="29" type="stmt"/>
        <line num="160" count="32" type="cond" truecount="2" falsecount="0"/>
        <line num="161" count="425" type="stmt"/>
        <line num="162" count="29" type="cond" truecount="4" falsecount="0"/>
        <line num="163" count="27" type="stmt"/>
        <line num="164" count="27" type="cond" truecount="1" falsecount="1"/>
        <line num="165" count="27" type="stmt"/>
      </file>
      <file name="regimeBands.ts" path="/private/tmp/claude-501/-Users-sakae-dev-alpha-trade/967d72ff-76f5-412d-944c-5074c016516a/scratchpad/wt-393/frontend/src/charts/tv/regimeBands.ts">
        <metrics statements="64" coveredstatements="63" conditionals="38" coveredconditionals="34" methods="15" coveredmethods="13"/>
        <line num="57" count="17" type="cond" truecount="2" falsecount="0"/>
        <line num="58" count="15" type="stmt"/>
        <line num="59" count="15" type="cond" truecount="3" falsecount="1"/>
        <line num="60" count="15" type="stmt"/>
        <line num="61" count="15" type="cond" truecount="2" falsecount="0"/>
        <line num="63" count="14" type="stmt"/>
        <line num="64" count="14" type="stmt"/>
        <line num="65" count="14" type="stmt"/>
        <line num="66" count="14" type="stmt"/>
        <line num="68" count="14" type="stmt"/>
        <line num="69" count="196" type="stmt"/>
        <line num="70" count="196" type="stmt"/>
        <line num="71" count="196" type="cond" truecount="2" falsecount="0"/>
        <line num="72" count="14" type="stmt"/>
        <line num="73" count="14" type="stmt"/>
        <line num="74" count="14" type="stmt"/>
        <line num="76" count="196" type="stmt"/>
        <line num="78" count="14" type="stmt"/>
        <line num="79" count="14" type="stmt"/>
        <line num="88" count="12" type="stmt"/>
        <line num="89" count="12" type="cond" truecount="5" falsecount="0"/>
        <line num="90" count="2" type="stmt"/>
        <line num="91" count="2" type="stmt"/>
        <line num="107" count="4" type="stmt"/>
        <line num="108" count="4" type="cond" truecount="5" falsecount="0"/>
        <line num="109" count="1" type="stmt"/>
        <line num="110" count="1" type="stmt"/>
        <line num="111" count="1" type="stmt"/>
        <line num="116" count="11" type="cond" truecount="2" falsecount="0"/>
        <line num="141" count="11" type="stmt"/>
        <line num="142" count="11" type="cond" truecount="1" falsecount="1"/>
        <line num="143" count="11" type="stmt"/>
        <line num="145" count="11" type="stmt"/>
        <line num="149" count="3" type="stmt"/>
        <line num="150" count="3" type="cond" truecount="4" falsecount="0"/>
        <line num="151" count="2" type="stmt"/>
        <line num="153" count="2" type="stmt"/>
        <line num="154" count="2" type="stmt"/>
        <line num="155" count="2" type="stmt"/>
        <line num="156" count="4" type="stmt"/>
        <line num="157" count="4" type="stmt"/>
        <line num="158" count="4" type="cond" truecount="3" falsecount="1"/>
        <line num="159" count="4" type="stmt"/>
        <line num="160" count="4" type="stmt"/>
        <line num="162" count="4" type="cond" truecount="4" falsecount="0"/>
        <line num="164" count="2" type="stmt"/>
        <line num="166" count="2" type="stmt"/>
        <line num="167" count="2" type="stmt"/>
        <line num="168" count="2" type="stmt"/>
        <line num="169" count="2" type="stmt"/>
        <line num="170" count="2" type="stmt"/>
        <line num="176" count="11" type="stmt"/>
        <line num="177" count="1" type="stmt"/>
        <line num="178" count="3" type="stmt"/>
        <line num="180" count="11" type="stmt"/>
        <line num="182" count="11" type="stmt"/>
        <line num="184" count="2" type="stmt"/>
        <line num="187" count="0" type="stmt"/>
        <line num="190" count="4" type="stmt"/>
        <line num="192" count="4" type="stmt"/>
        <line num="193" count="4" type="stmt"/>
        <line num="194" count="8" type="cond" truecount="1" falsecount="1"/>
        <line num="195" count="8" type="stmt"/>
        <line num="201" count="4" type="stmt"/>
      </file>
      <file name="theme.ts" path="/private/tmp/claude-501/-Users-sakae-dev-alpha-trade/967d72ff-76f5-412d-944c-5074c016516a/scratchpad/wt-393/frontend/src/charts/tv/theme.ts">
        <metrics statements="24" coveredstatements="24" conditionals="14" coveredconditionals="12" methods="12" coveredmethods="12"/>
        <line num="40" count="192" type="stmt"/>
        <line num="41" count="192" type="stmt"/>
        <line num="42" count="192" type="cond" truecount="2" falsecount="0"/>
        <line num="43" count="24" type="stmt"/>
        <line num="44" count="24" type="cond" truecount="1" falsecount="1"/>
        <line num="45" count="24" type="stmt"/>
        <line num="46" count="24" type="stmt"/>
        <line num="47" count="24" type="stmt"/>
        <line num="48" count="24" type="stmt"/>
        <line num="49" count="24" type="stmt"/>
        <line num="50" count="24" type="stmt"/>
        <line num="54" count="100" type="stmt"/>
        <line num="98" count="60" type="cond" truecount="2" falsecount="0"/>
        <line num="99" count="60" type="stmt"/>
        <line num="110" count="2" type="stmt"/>
        <line num="130" count="15" type="cond" truecount="2" falsecount="1"/>
        <line num="131" count="15" type="stmt"/>
        <line num="141" count="51" type="stmt"/>
        <line num="153" count="24" type="stmt"/>
        <line num="173" count="12" type="stmt"/>
        <line num="187" count="21" type="stmt"/>
        <line num="198" count="7" type="stmt"/>
        <line num="202" count="7" type="stmt"/>
        <line num="206" count="7" type="stmt"/>
      </file>
      <file name="trades.ts" path="/private/tmp/claude-501/-Users-sakae-dev-alpha-trade/967d72ff-76f5-412d-944c-5074c016516a/scratchpad/wt-393/frontend/src/charts/tv/trades.ts">
        <metrics statements="59" coveredstatements="59" conditionals="79" coveredconditionals="69" methods="9" coveredmethods="9"/>
        <line num="27" count="15" type="stmt"/>
        <line num="28" count="15" type="cond" truecount="2" falsecount="0"/>
        <line num="29" count="13" type="stmt"/>
        <line num="30" count="13" type="stmt"/>
        <line num="31" count="13" type="cond" truecount="3" falsecount="1"/>
        <line num="32" count="1" type="cond" truecount="1" falsecount="1"/>
        <line num="36" count="12" type="cond" truecount="1" falsecount="1"/>
        <line num="37" count="12" type="cond" truecount="2" falsecount="0"/>
        <line num="38" count="12" type="stmt"/>
        <line num="49" count="19" type="stmt"/>
        <line num="50" count="19" type="stmt"/>
        <line num="51" count="15" type="stmt"/>
        <line num="52" count="15" type="stmt"/>
        <line num="54" count="15" type="stmt"/>
        <line num="55" count="15" type="cond" truecount="2" falsecount="0"/>
        <line num="56" count="14" type="stmt"/>
        <line num="65" count="15" type="stmt"/>
        <line num="66" count="15" type="cond" truecount="4" falsecount="0"/>
        <line num="67" count="12" type="stmt"/>
        <line num="68" count="12" type="cond" truecount="1" falsecount="1"/>
        <line num="69" count="12" type="stmt"/>
        <line num="79" count="19" type="stmt"/>
        <line num="80" count="19" type="stmt"/>
        <line num="91" count="16" type="cond" truecount="2" falsecount="0"/>
        <line num="92" count="13" type="stmt"/>
        <line num="93" count="9" type="cond" truecount="2" falsecount="0"/>
        <line num="94" count="8" type="stmt"/>
        <line num="95" count="8" type="stmt"/>
        <line num="96" count="11" type="cond" truecount="1" falsecount="1"/>
        <line num="97" count="11" type="cond" truecount="4" falsecount="0"/>
        <line num="100" count="8" type="cond" truecount="1" falsecount="2"/>
        <line num="111" count="21" type="cond" truecount="2" falsecount="0"/>
        <line num="112" count="14" type="stmt"/>
        <line num="113" count="14" type="cond" truecount="4" falsecount="0"/>
        <line num="114" count="13" type="stmt"/>
        <line num="116" count="14" type="cond" truecount="4" falsecount="0"/>
        <line num="117" count="13" type="stmt"/>
        <line num="124" count="14" type="cond" truecount="4" falsecount="0"/>
        <line num="125" count="12" type="stmt"/>
        <line num="132" count="14" type="stmt"/>
        <line num="154" count="10" type="cond" truecount="2" falsecount="0"/>
        <line num="155" count="8" type="stmt"/>
        <line num="156" count="8" type="cond" truecount="3" falsecount="1"/>
        <line num="157" count="8" type="stmt"/>
        <line num="158" count="8" type="cond" truecount="2" falsecount="0"/>
        <line num="160" count="6" type="stmt"/>
        <line num="161" count="6" type="stmt"/>
        <line num="162" count="6" type="stmt"/>
        <line num="163" count="12" type="stmt"/>
        <line num="164" count="12" type="cond" truecount="4" falsecount="0"/>
        <line num="165" count="10" type="stmt"/>
        <line num="166" count="10" type="cond" truecount="1" falsecount="1"/>
        <line num="167" count="10" type="stmt"/>
        <line num="168" count="10" type="cond" truecount="1" falsecount="1"/>
        <line num="169" count="10" type="cond" truecount="2" falsecount="0"/>
        <line num="170" count="12" type="stmt"/>
        <line num="177" count="12" type="stmt"/>
        <line num="179" count="6" type="stmt"/>
        <line num="180" count="6" type="stmt"/>
      </file>
    </package>
    <package name="src.charts.visx">
      <metrics statements="240" coveredstatements="45" conditionals="212" coveredconditionals="12" methods="100" coveredmethods="19"/>
      <file name="AnnualReturnsBarV.tsx" path="/private/tmp/claude-501/-Users-sakae-dev-alpha-trade/967d72ff-76f5-412d-944c-5074c016516a/scratchpad/wt-393/frontend/src/charts/visx/AnnualReturnsBarV.tsx">
        <metrics statements="38" coveredstatements="3" conditionals="55" coveredconditionals="1" methods="15" coveredmethods="2"/>
        <line num="32" count="3" type="stmt"/>
        <line num="41" count="4" type="stmt"/>
        <line num="43" count="4" type="cond" truecount="1" falsecount="1"/>
        <line num="56" count="0" type="stmt"/>
        <line num="57" count="0" type="stmt"/>
        <line num="59" count="0" type="stmt"/>
        <line num="60" count="0" type="cond" truecount="0" falsecount="4"/>
        <line num="61" count="0" type="stmt"/>
        <line num="62" count="0" type="stmt"/>
        <line num="64" count="0" type="stmt"/>
        <line num="66" count="0" type="stmt"/>
        <line num="67" count="0" type="stmt"/>
        <line num="68" count="0" type="stmt"/>
        <line num="69" count="0" type="stmt"/>
        <line num="70" count="0" type="cond" truecount="0" falsecount="2"/>
        <line num="72" count="0" type="stmt"/>
        <line num="75" count="0" type="stmt"/>
        <line num="77" count="0" type="stmt"/>
        <line num="87" count="0" type="stmt"/>
        <line num="97" count="0" type="stmt"/>
        <line num="102" count="0" type="stmt"/>
        <line num="103" count="0" type="stmt"/>
        <line num="105" count="0" type="stmt"/>
        <line num="116" count="0" type="stmt"/>
        <line num="139" count="0" type="cond" truecount="0" falsecount="2"/>
        <line num="140" count="0" type="stmt"/>
        <line num="141" count="0" type="stmt"/>
        <line num="143" count="0" type="stmt"/>
        <line num="149" count="0" type="cond" truecount="0" falsecount="2"/>
        <line num="150" count="0" type="cond" truecount="0" falsecount="2"/>
        <line num="151" count="0" type="stmt"/>
        <line num="152" count="0" type="stmt"/>
        <line num="153" count="0" type="cond" truecount="0" falsecount="2"/>
        <line num="154" count="0" type="stmt"/>
        <line num="155" count="0" type="stmt"/>
        <line num="168" count="0" type="stmt"/>
        <line num="172" count="0" type="stmt"/>
        <line num="178" count="0" type="stmt"/>
      </file>
      <file name="CorrelationHeatmapV.tsx" path="/private/tmp/claude-501/-Users-sakae-dev-alpha-trade/967d72ff-76f5-412d-944c-5074c016516a/scratchpad/wt-393/frontend/src/charts/visx/CorrelationHeatmapV.tsx">
        <metrics statements="55" coveredstatements="8" conditionals="39" coveredconditionals="1" methods="22" coveredmethods="2"/>
        <line num="40" count="3" type="stmt"/>
        <line num="41" count="3" type="stmt"/>
        <line num="42" count="3" type="stmt"/>
        <line num="43" count="3" type="stmt"/>
        <line num="45" count="3" type="stmt"/>
        <line num="47" count="3" type="stmt"/>
        <line num="50" count="0" type="cond" truecount="0" falsecount="2"/>
        <line num="51" count="0" type="stmt"/>
        <line num="56" count="0" type="stmt"/>
        <line num="68" count="11" type="stmt"/>
        <line num="70" count="11" type="cond" truecount="1" falsecount="1"/>
        <line num="85" count="0" type="stmt"/>
        <line num="86" count="0" type="stmt"/>
        <line num="88" count="0" type="stmt"/>
        <line num="89" count="0" type="stmt"/>
        <line num="90" count="0" type="stmt"/>
        <line num="94" count="0" type="stmt"/>
        <line num="95" count="0" type="stmt"/>
        <line num="98" count="0" type="stmt"/>
        <line num="101" count="0" type="stmt"/>
        <line num="102" count="0" type="stmt"/>
        <line num="105" count="0" type="stmt"/>
        <line num="106" count="0" type="stmt"/>
        <line num="108" count="0" type="stmt"/>
        <line num="109" count="0" type="cond" truecount="0" falsecount="2"/>
        <line num="110" count="0" type="stmt"/>
        <line num="111" count="0" type="cond" truecount="0" falsecount="2"/>
        <line num="112" count="0" type="stmt"/>
        <line num="113" count="0" type="stmt"/>
        <line num="115" count="0" type="stmt"/>
        <line num="116" count="0" type="stmt"/>
        <line num="117" count="0" type="cond" truecount="0" falsecount="2"/>
        <line num="119" count="0" type="cond" truecount="0" falsecount="2"/>
        <line num="120" count="0" type="stmt"/>
        <line num="121" count="0" type="stmt"/>
        <line num="123" count="0" type="stmt"/>
        <line num="124" count="0" type="stmt"/>
        <line num="128" count="0" type="stmt"/>
        <line num="139" count="0" type="stmt"/>
        <line num="168" count="0" type="stmt"/>
        <line num="186" count="0" type="stmt"/>
        <line num="187" count="0" type="cond" truecount="0" falsecount="3"/>
        <line num="188" count="0" type="stmt"/>
        <line num="189" count="0" type="stmt"/>
        <line num="190" count="0" type="stmt"/>
        <line num="193" count="0" type="stmt"/>
        <line num="194" count="0" type="stmt"/>
        <line num="229" count="0" type="stmt"/>
        <line num="232" count="0" type="stmt"/>
        <line num="233" count="0" type="cond" truecount="0" falsecount="2"/>
        <line num="268" count="0" type="cond" truecount="0" falsecount="2"/>
        <line num="269" count="0" type="stmt"/>
        <line num="270" count="0" type="cond" truecount="0" falsecount="2"/>
        <line num="271" count="0" type="cond" truecount="0" falsecount="2"/>
        <line num="272" count="0" type="stmt"/>
      </file>
      <file name="MAEMFEScatterV.tsx" path="/private/tmp/claude-501/-Users-sakae-dev-alpha-trade/967d72ff-76f5-412d-944c-5074c016516a/scratchpad/wt-393/frontend/src/charts/visx/MAEMFEScatterV.tsx">
        <metrics statements="19" coveredstatements="0" conditionals="17" coveredconditionals="0" methods="11" coveredmethods="0"/>
        <line num="55" count="0" type="stmt"/>
        <line num="58" count="0" type="cond" truecount="0" falsecount="2"/>
        <line num="105" count="0" type="stmt"/>
        <line num="106" count="0" type="stmt"/>
        <line num="108" count="0" type="stmt"/>
        <line num="109" count="0" type="stmt"/>
        <line num="111" count="0" type="stmt"/>
        <line num="112" count="0" type="stmt"/>
        <line num="114" count="0" type="stmt"/>
        <line num="116" count="0" type="stmt"/>
        <line num="160" count="0" type="stmt"/>
        <line num="161" count="0" type="stmt"/>
        <line num="162" count="0" type="cond" truecount="0" falsecount="2"/>
        <line num="163" count="0" type="stmt"/>
        <line num="174" count="0" type="cond" truecount="0" falsecount="2"/>
        <line num="186" count="0" type="stmt"/>
        <line num="187" count="0" type="stmt"/>
        <line num="203" count="0" type="stmt"/>
        <line num="204" count="0" type="stmt"/>
      </file>
      <file name="MonthlyHeatmapV.tsx" path="/private/tmp/claude-501/-Users-sakae-dev-alpha-trade/967d72ff-76f5-412d-944c-5074c016516a/scratchpad/wt-393/frontend/src/charts/visx/MonthlyHeatmapV.tsx">
        <metrics statements="36" coveredstatements="4" conditionals="21" coveredconditionals="1" methods="12" coveredmethods="2"/>
        <line num="12" count="3" type="stmt"/>
        <line num="13" count="3" type="stmt"/>
        <line num="22" count="2" type="stmt"/>
        <line num="24" count="2" type="cond" truecount="1" falsecount="1"/>
        <line num="30" count="0" type="stmt"/>
        <line num="31" count="0" type="stmt"/>
        <line num="32" count="0" type="cond" truecount="0" falsecount="2"/>
        <line num="33" count="0" type="stmt"/>
        <line num="35" count="0" type="stmt"/>
        <line num="37" count="0" type="stmt"/>
        <line num="41" count="0" type="stmt"/>
        <line num="42" count="0" type="stmt"/>
        <line num="43" count="0" type="stmt"/>
        <line num="44" count="0" type="stmt"/>
        <line num="45" count="0" type="stmt"/>
        <line num="46" count="0" type="stmt"/>
        <line num="47" count="0" type="stmt"/>
        <line num="48" count="0" type="stmt"/>
        <line num="50" count="0" type="stmt"/>
        <line num="51" count="0" type="cond" truecount="0" falsecount="2"/>
        <line num="52" count="0" type="stmt"/>
        <line num="53" count="0" type="cond" truecount="0" falsecount="2"/>
        <line num="55" count="0" type="stmt"/>
        <line num="57" count="0" type="stmt"/>
        <line num="60" count="0" type="stmt"/>
        <line num="61" count="0" type="cond" truecount="0" falsecount="2"/>
        <line num="62" count="0" type="stmt"/>
        <line num="65" count="0" type="stmt"/>
        <line num="75" count="0" type="stmt"/>
        <line num="90" count="0" type="stmt"/>
        <line num="103" count="0" type="stmt"/>
        <line num="104" count="0" type="stmt"/>
        <line num="105" count="0" type="cond" truecount="0" falsecount="3"/>
        <line num="106" count="0" type="stmt"/>
        <line num="109" count="0" type="stmt"/>
        <line num="110" count="0" type="stmt"/>
      </file>
      <file name="OptimizeHeatmapV.tsx" path="/private/tmp/claude-501/-Users-sakae-dev-alpha-trade/967d72ff-76f5-412d-944c-5074c016516a/scratchpad/wt-393/frontend/src/charts/visx/OptimizeHeatmapV.tsx">
        <metrics statements="45" coveredstatements="7" conditionals="39" coveredconditionals="1" methods="15" coveredmethods="2"/>
        <line num="25" count="2" type="stmt"/>
        <line num="26" count="2" type="stmt"/>
        <line num="27" count="2" type="stmt"/>
        <line num="29" count="2" type="stmt"/>
        <line num="31" count="2" type="stmt"/>
        <line num="35" count="0" type="stmt"/>
        <line num="46" count="4" type="stmt"/>
        <line num="48" count="4" type="cond" truecount="1" falsecount="1"/>
        <line num="61" count="0" type="stmt"/>
        <line num="62" count="0" type="stmt"/>
        <line num="64" count="0" type="stmt"/>
        <line num="65" count="0" type="stmt"/>
        <line num="66" count="0" type="cond" truecount="0" falsecount="2"/>
        <line num="69" count="0" type="stmt"/>
        <line num="71" count="0" type="stmt"/>
        <line num="73" count="0" type="stmt"/>
        <line num="74" count="0" type="stmt"/>
        <line num="75" count="0" type="stmt"/>
        <line num="76" count="0" type="cond" truecount="0" falsecount="2"/>
        <line num="77" count="0" type="stmt"/>
        <line num="78" count="0" type="stmt"/>
        <line num="81" count="0" type="stmt"/>
        <line num="82" count="0" type="stmt"/>
        <line num="85" count="0" type="stmt"/>
        <line num="86" count="0" type="stmt"/>
        <line num="88" count="0" type="stmt"/>
        <line num="89" count="0" type="stmt"/>
        <line num="90" count="0" type="cond" truecount="0" falsecount="4"/>
        <line num="91" count="0" type="cond" truecount="0" falsecount="2"/>
        <line num="92" count="0" type="stmt"/>
        <line num="96" count="0" type="stmt"/>
        <line num="98" count="0" type="stmt"/>
        <line num="110" count="0" type="stmt"/>
        <line num="124" count="0" type="stmt"/>
        <line num="163" count="0" type="stmt"/>
        <line num="164" count="0" type="cond" truecount="0" falsecount="3"/>
        <line num="165" count="0" type="stmt"/>
        <line num="166" count="0" type="stmt"/>
        <line num="167" count="0" type="stmt"/>
        <line num="171" count="0" type="cond" truecount="0" falsecount="2"/>
        <line num="172" count="0" type="stmt"/>
        <line num="233" count="0" type="cond" truecount="0" falsecount="2"/>
        <line num="234" count="0" type="stmt"/>
        <line num="235" count="0" type="stmt"/>
        <line num="236" count="0" type="stmt"/>
      </file>
      <file name="OptimizeScatterV.tsx" path="/private/tmp/claude-501/-Users-sakae-dev-alpha-trade/967d72ff-76f5-412d-944c-5074c016516a/scratchpad/wt-393/frontend/src/charts/visx/OptimizeScatterV.tsx">
        <metrics statements="27" coveredstatements="3" conditionals="28" coveredconditionals="1" methods="16" coveredmethods="2"/>
        <line num="33" count="2" type="stmt"/>
        <line num="46" count="10" type="stmt"/>
        <line num="48" count="10" type="cond" truecount="1" falsecount="1"/>
        <line num="61" count="0" type="stmt"/>
        <line num="63" count="0" type="stmt"/>
        <line num="64" count="0" type="stmt"/>
        <line num="66" count="0" type="cond" truecount="0" falsecount="2"/>
        <line num="67" count="0" type="cond" truecount="0" falsecount="2"/>
        <line num="68" count="0" type="cond" truecount="0" falsecount="2"/>
        <line num="69" count="0" type="cond" truecount="0" falsecount="2"/>
        <line num="70" count="0" type="cond" truecount="0" falsecount="2"/>
        <line num="71" count="0" type="cond" truecount="0" falsecount="2"/>
        <line num="73" count="0" type="stmt"/>
        <line num="78" count="0" type="stmt"/>
        <line num="84" count="0" type="stmt"/>
        <line num="87" count="0" type="stmt"/>
        <line num="89" count="0" type="cond" truecount="0" falsecount="2"/>
        <line num="90" count="0" type="stmt"/>
        <line num="95" count="0" type="stmt"/>
        <line num="109" count="0" type="stmt"/>
        <line num="153" count="0" type="stmt"/>
        <line num="163" count="0" type="stmt"/>
        <line num="174" count="0" type="stmt"/>
        <line num="175" count="0" type="stmt"/>
        <line num="191" count="0" type="stmt"/>
        <line num="192" count="0" type="stmt"/>
        <line num="254" count="0" type="stmt"/>
      </file>
      <file name="Sparkline.tsx" path="/private/tmp/claude-501/-Users-sakae-dev-alpha-trade/967d72ff-76f5-412d-944c-5074c016516a/scratchpad/wt-393/frontend/src/charts/visx/Sparkline.tsx">
        <metrics statements="20" coveredstatements="20" conditionals="13" coveredconditionals="7" methods="9" coveredmethods="9"/>
        <line num="27" count="4" type="stmt"/>
        <line num="28" count="9" type="stmt"/>
        <line num="32" count="4" type="stmt"/>
        <line num="41" count="4" type="stmt"/>
        <line num="42" count="3" type="cond" truecount="1" falsecount="1"/>
        <line num="43" count="9" type="stmt"/>
        <line num="44" count="3" type="stmt"/>
        <line num="45" count="3" type="stmt"/>
        <line num="46" count="3" type="cond" truecount="1" falsecount="1"/>
        <line num="47" count="3" type="stmt"/>
        <line num="53" count="4" type="stmt"/>
        <line num="54" count="3" type="cond" truecount="1" falsecount="1"/>
        <line num="55" count="3" type="cond" truecount="1" falsecount="1"/>
        <line num="56" count="3" type="stmt"/>
        <line num="57" count="3" type="stmt"/>
        <line num="58" count="3" type="cond" truecount="1" falsecount="1"/>
        <line num="61" count="4" type="cond" truecount="1" falsecount="1"/>
        <line num="63" count="4" type="stmt"/>
        <line num="67" count="12" type="stmt"/>
        <line num="68" count="12" type="stmt"/>
      </file>
    </package>
    <package name="src.components">
      <metrics statements="164" coveredstatements="140" conditionals="148" coveredconditionals="99" methods="67" coveredmethods="53"/>
      <file name="AppFooter.tsx" path="/private/tmp/claude-501/-Users-sakae-dev-alpha-trade/967d72ff-76f5-412d-944c-5074c016516a/scratchpad/wt-393/frontend/src/components/AppFooter.tsx">
        <metrics statements="5" coveredstatements="5" conditionals="2" coveredconditionals="2" methods="2" coveredmethods="2"/>
        <line num="10" count="10" type="stmt"/>
        <line num="21" count="11" type="stmt"/>
        <line num="24" count="11" type="stmt"/>
        <line num="25" count="11" type="stmt"/>
        <line num="32" count="11" type="stmt"/>
      </file>
      <file name="AppNav.tsx" path="/private/tmp/claude-501/-Users-sakae-dev-alpha-trade/967d72ff-76f5-412d-944c-5074c016516a/scratchpad/wt-393/frontend/src/components/AppNav.tsx">
        <metrics statements="5" coveredstatements="5" conditionals="6" coveredconditionals="5" methods="3" coveredmethods="3"/>
        <line num="11" count="2" type="stmt"/>
        <line num="25" count="6" type="stmt"/>
        <line num="26" count="6" type="stmt"/>
        <line num="39" count="36" type="stmt"/>
        <line num="42" count="36" type="stmt"/>
      </file>
      <file name="CommandPalette.tsx" path="/private/tmp/claude-501/-Users-sakae-dev-alpha-trade/967d72ff-76f5-412d-944c-5074c016516a/scratchpad/wt-393/frontend/src/components/CommandPalette.tsx">
        <metrics statements="71" coveredstatements="64" conditionals="48" coveredconditionals="36" methods="20" coveredmethods="18"/>
        <line num="23" count="2" type="stmt"/>
        <line num="26" count="46" type="cond" truecount="2" falsecount="3"/>
        <line num="27" count="0" type="stmt"/>
        <line num="28" count="43" type="stmt"/>
        <line num="29" count="0" type="stmt"/>
        <line num="30" count="0" type="stmt"/>
        <line num="31" count="3" type="stmt"/>
        <line num="36" count="30" type="stmt"/>
        <line num="37" count="30" type="stmt"/>
        <line num="38" count="30" type="stmt"/>
        <line num="40" count="30" type="stmt"/>
        <line num="41" count="30" type="stmt"/>
        <line num="42" count="30" type="stmt"/>
        <line num="43" count="30" type="stmt"/>
        <line num="44" count="30" type="stmt"/>
        <line num="45" count="30" type="stmt"/>
        <line num="47" count="30" type="stmt"/>
        <line num="48" count="30" type="stmt"/>
        <line num="52" count="30" type="stmt"/>
        <line num="53" count="16" type="cond" truecount="4" falsecount="0"/>
        <line num="54" count="8" type="stmt"/>
        <line num="55" count="8" type="stmt"/>
        <line num="57" count="8" type="cond" truecount="1" falsecount="1"/>
        <line num="58" count="8" type="stmt"/>
        <line num="59" count="8" type="stmt"/>
        <line num="62" count="0" type="cond" truecount="0" falsecount="2"/>
        <line num="63" count="0" type="cond" truecount="0" falsecount="2"/>
        <line num="64" count="0" type="stmt"/>
        <line num="66" count="8" type="stmt"/>
        <line num="70" count="30" type="stmt"/>
        <line num="71" count="9" type="cond" truecount="2" falsecount="0"/>
        <line num="72" count="8" type="stmt"/>
        <line num="73" count="8" type="stmt"/>
        <line num="76" count="30" type="stmt"/>
        <line num="77" count="22" type="stmt"/>
        <line num="78" count="22" type="cond" truecount="2" falsecount="0"/>
        <line num="79" count="6" type="stmt"/>
        <line num="83" count="30" type="cond" truecount="2" falsecount="0"/>
        <line num="85" count="30" type="stmt"/>
        <line num="86" count="2" type="stmt"/>
        <line num="87" count="2" type="cond" truecount="1" falsecount="1"/>
        <line num="88" count="2" type="stmt"/>
        <line num="89" count="2" type="stmt"/>
        <line num="90" count="2" type="stmt"/>
        <line num="94" count="30" type="stmt"/>
        <line num="95" count="9" type="cond" truecount="2" falsecount="0"/>
        <line num="96" count="8" type="stmt"/>
        <line num="97" count="4" type="cond" truecount="2" falsecount="0"/>
        <line num="98" count="1" type="stmt"/>
        <line num="99" count="1" type="stmt"/>
        <line num="102" count="8" type="stmt"/>
        <line num="103" count="8" type="stmt"/>
        <line num="106" count="30" type="cond" truecount="2" falsecount="0"/>
        <line num="108" count="29" type="stmt"/>
        <line num="109" count="3" type="cond" truecount="2" falsecount="0"/>
        <line num="110" count="1" type="stmt"/>
        <line num="111" count="1" type="stmt"/>
        <line num="112" count="2" type="cond" truecount="2" falsecount="0"/>
        <line num="113" count="1" type="stmt"/>
        <line num="114" count="1" type="stmt"/>
        <line num="115" count="1" type="cond" truecount="1" falsecount="1"/>
        <line num="116" count="1" type="stmt"/>
        <line num="117" count="1" type="stmt"/>
        <line num="121" count="29" type="stmt"/>
        <line num="141" count="1" type="stmt"/>
        <line num="188" count="4" type="stmt"/>
        <line num="189" count="4" type="stmt"/>
        <line num="244" count="46" type="stmt"/>
        <line num="245" count="46" type="stmt"/>
        <line num="251" count="0" type="stmt"/>
        <line num="252" count="1" type="stmt"/>
      </file>
      <file name="ConfirmActionButton.tsx" path="/private/tmp/claude-501/-Users-sakae-dev-alpha-trade/967d72ff-76f5-412d-944c-5074c016516a/scratchpad/wt-393/frontend/src/components/ConfirmActionButton.tsx">
        <metrics statements="8" coveredstatements="8" conditionals="1" coveredconditionals="1" methods="4" coveredmethods="4"/>
        <line num="41" count="16" type="stmt"/>
        <line num="42" count="16" type="stmt"/>
        <line num="44" count="16" type="stmt"/>
        <line num="45" count="1" type="stmt"/>
        <line num="46" count="1" type="stmt"/>
        <line num="49" count="16" type="stmt"/>
        <line num="54" count="2" type="stmt"/>
        <line num="73" count="1" type="stmt"/>
      </file>
      <file name="DetailToolbar.tsx" path="/private/tmp/claude-501/-Users-sakae-dev-alpha-trade/967d72ff-76f5-412d-944c-5074c016516a/scratchpad/wt-393/frontend/src/components/DetailToolbar.tsx">
        <metrics statements="5" coveredstatements="3" conditionals="17" coveredconditionals="8" methods="3" coveredmethods="1"/>
        <line num="43" count="15" type="stmt"/>
        <line num="47" count="15" type="stmt"/>
        <line num="52" count="0" type="cond" truecount="0" falsecount="2"/>
        <line num="56" count="0" type="cond" truecount="0" falsecount="2"/>
        <line num="60" count="15" type="stmt"/>
      </file>
      <file name="MetricsSummaryBarV2.tsx" path="/private/tmp/claude-501/-Users-sakae-dev-alpha-trade/967d72ff-76f5-412d-944c-5074c016516a/scratchpad/wt-393/frontend/src/components/MetricsSummaryBarV2.tsx">
        <metrics statements="16" coveredstatements="16" conditionals="31" coveredconditionals="20" methods="7" coveredmethods="7"/>
        <line num="23" count="4" type="stmt"/>
        <line num="30" count="4" type="stmt"/>
        <line num="35" count="7" type="cond" truecount="1" falsecount="3"/>
        <line num="41" count="10" type="cond" truecount="1" falsecount="1"/>
        <line num="47" count="10" type="cond" truecount="3" falsecount="1"/>
        <line num="53" count="10" type="cond" truecount="3" falsecount="1"/>
        <line num="59" count="10" type="cond" truecount="1" falsecount="3"/>
        <line num="65" count="10" type="stmt"/>
        <line num="67" count="10" type="stmt"/>
        <line num="82" count="60" type="stmt"/>
        <line num="83" count="60" type="stmt"/>
        <line num="86" count="60" type="stmt"/>
        <line num="88" count="60" type="cond" truecount="2" falsecount="0"/>
        <line num="90" count="60" type="cond" truecount="5" falsecount="0"/>
        <line num="95" count="60" type="stmt"/>
        <line num="103" count="60" type="stmt"/>
      </file>
      <file name="RootLayout.tsx" path="/private/tmp/claude-501/-Users-sakae-dev-alpha-trade/967d72ff-76f5-412d-944c-5074c016516a/scratchpad/wt-393/frontend/src/components/RootLayout.tsx">
        <metrics statements="15" coveredstatements="9" conditionals="10" coveredconditionals="1" methods="7" coveredmethods="3"/>
        <line num="9" count="1" type="stmt"/>
        <line num="12" count="0" type="cond" truecount="0" falsecount="4"/>
        <line num="13" count="0" type="cond" truecount="0" falsecount="2"/>
        <line num="17" count="3" type="stmt"/>
        <line num="18" count="3" type="stmt"/>
        <line num="19" count="3" type="stmt"/>
        <line num="21" count="3" type="stmt"/>
        <line num="22" count="3" type="stmt"/>
        <line num="23" count="0" type="cond" truecount="0" falsecount="2"/>
        <line num="24" count="0" type="stmt"/>
        <line num="25" count="0" type="stmt"/>
        <line num="28" count="3" type="stmt"/>
        <line num="29" count="3" type="stmt"/>
        <line num="32" count="3" type="stmt"/>
        <line num="45" count="0" type="stmt"/>
      </file>
      <file name="RouteErrorScreen.tsx" path="/private/tmp/claude-501/-Users-sakae-dev-alpha-trade/967d72ff-76f5-412d-944c-5074c016516a/scratchpad/wt-393/frontend/src/components/RouteErrorScreen.tsx">
        <metrics statements="7" coveredstatements="7" conditionals="0" coveredconditionals="0" methods="3" coveredmethods="3"/>
        <line num="17" count="4" type="stmt"/>
        <line num="18" count="4" type="stmt"/>
        <line num="19" count="4" type="stmt"/>
        <line num="21" count="4" type="stmt"/>
        <line num="23" count="2" type="stmt"/>
        <line num="26" count="4" type="stmt"/>
        <line num="68" count="1" type="stmt"/>
      </file>
      <file name="RunLogDetails.tsx" path="/private/tmp/claude-501/-Users-sakae-dev-alpha-trade/967d72ff-76f5-412d-944c-5074c016516a/scratchpad/wt-393/frontend/src/components/RunLogDetails.tsx">
        <metrics statements="4" coveredstatements="2" conditionals="0" coveredconditionals="0" methods="1" coveredmethods="0"/>
        <line num="4" count="3" type="stmt"/>
        <line num="12" count="3" type="stmt"/>
        <line num="33" count="0" type="stmt"/>
        <line num="34" count="0" type="stmt"/>
      </file>
      <file name="SettingsToggles.tsx" path="/private/tmp/claude-501/-Users-sakae-dev-alpha-trade/967d72ff-76f5-412d-944c-5074c016516a/scratchpad/wt-393/frontend/src/components/SettingsToggles.tsx">
        <metrics statements="16" coveredstatements="9" conditionals="20" coveredconditionals="15" methods="10" coveredmethods="5"/>
        <line num="16" count="0" type="stmt"/>
        <line num="17" count="0" type="stmt"/>
        <line num="31" count="0" type="stmt"/>
        <line num="32" count="0" type="stmt"/>
        <line num="39" count="0" type="stmt"/>
        <line num="69" count="32" type="stmt"/>
        <line num="70" count="32" type="stmt"/>
        <line num="84" count="64" type="stmt"/>
        <line num="85" count="64" type="stmt"/>
        <line num="92" count="0" type="stmt"/>
        <line num="123" count="30" type="stmt"/>
        <line num="124" count="30" type="stmt"/>
        <line num="138" count="60" type="stmt"/>
        <line num="139" count="60" type="stmt"/>
        <line num="146" count="0" type="stmt"/>
        <line num="177" count="30" type="stmt"/>
      </file>
      <file name="ShareCardButton.tsx" path="/private/tmp/claude-501/-Users-sakae-dev-alpha-trade/967d72ff-76f5-412d-944c-5074c016516a/scratchpad/wt-393/frontend/src/components/ShareCardButton.tsx">
        <metrics statements="9" coveredstatements="9" conditionals="0" coveredconditionals="0" methods="6" coveredmethods="6"/>
        <line num="9" count="9" type="stmt"/>
        <line num="33" count="42" type="stmt"/>
        <line num="34" count="42" type="stmt"/>
        <line num="55" count="22" type="stmt"/>
        <line num="69" count="42" type="stmt"/>
        <line num="70" count="42" type="stmt"/>
        <line num="91" count="22" type="stmt"/>
        <line num="95" count="1" type="stmt"/>
        <line num="96" count="1" type="stmt"/>
      </file>
      <file name="StrategyHero.tsx" path="/private/tmp/claude-501/-Users-sakae-dev-alpha-trade/967d72ff-76f5-412d-944c-5074c016516a/scratchpad/wt-393/frontend/src/components/StrategyHero.tsx">
        <metrics statements="3" coveredstatements="3" conditionals="13" coveredconditionals="11" methods="1" coveredmethods="1"/>
        <line num="24" count="15" type="stmt"/>
        <line num="26" count="15" type="cond" truecount="3" falsecount="1"/>
        <line num="30" count="15" type="stmt"/>
      </file>
    </package>
    <package name="src.components.browser">
      <metrics statements="334" coveredstatements="191" conditionals="381" coveredconditionals="241" methods="126" coveredmethods="63"/>
      <file name="CollapsibleSection.tsx" path="/private/tmp/claude-501/-Users-sakae-dev-alpha-trade/967d72ff-76f5-412d-944c-5074c016516a/scratchpad/wt-393/frontend/src/components/browser/CollapsibleSection.tsx">
        <metrics statements="4" coveredstatements="4" conditionals="7" coveredconditionals="7" methods="3" coveredmethods="3"/>
        <line num="23" count="16" type="stmt"/>
        <line num="24" count="16" type="stmt"/>
        <line num="26" count="16" type="stmt"/>
        <line num="32" count="4" type="stmt"/>
      </file>
      <file name="CompareFloatingBar.tsx" path="/private/tmp/claude-501/-Users-sakae-dev-alpha-trade/967d72ff-76f5-412d-944c-5074c016516a/scratchpad/wt-393/frontend/src/components/browser/CompareFloatingBar.tsx">
        <metrics statements="10" coveredstatements="0" conditionals="4" coveredconditionals="0" methods="6" coveredmethods="0"/>
        <line num="20" count="0" type="stmt"/>
        <line num="21" count="0" type="stmt"/>
        <line num="23" count="0" type="cond" truecount="0" falsecount="2"/>
        <line num="25" count="0" type="stmt"/>
        <line num="26" count="0" type="cond" truecount="0" falsecount="2"/>
        <line num="28" count="0" type="stmt"/>
        <line num="29" count="0" type="stmt"/>
        <line num="32" count="0" type="stmt"/>
        <line num="73" count="0" type="stmt"/>
        <line num="101" count="0" type="stmt"/>
      </file>
      <file name="CreateStrategyEntry.tsx" path="/private/tmp/claude-501/-Users-sakae-dev-alpha-trade/967d72ff-76f5-412d-944c-5074c016516a/scratchpad/wt-393/frontend/src/components/browser/CreateStrategyEntry.tsx">
        <metrics statements="12" coveredstatements="11" conditionals="2" coveredconditionals="2" methods="6" coveredmethods="5"/>
        <line num="22" count="5" type="stmt"/>
        <line num="23" count="5" type="stmt"/>
        <line num="24" count="5" type="stmt"/>
        <line num="25" count="5" type="stmt"/>
        <line num="27" count="5" type="cond" truecount="2" falsecount="0"/>
        <line num="28" count="2" type="stmt"/>
        <line num="29" count="2" type="stmt"/>
        <line num="35" count="3" type="stmt"/>
        <line num="55" count="1" type="stmt"/>
        <line num="69" count="6" type="stmt"/>
        <line num="78" count="1" type="stmt"/>
        <line num="82" count="0" type="stmt"/>
      </file>
      <file name="FilterBar.tsx" path="/private/tmp/claude-501/-Users-sakae-dev-alpha-trade/967d72ff-76f5-412d-944c-5074c016516a/scratchpad/wt-393/frontend/src/components/browser/FilterBar.tsx">
        <metrics statements="39" coveredstatements="19" conditionals="38" coveredconditionals="28" methods="16" coveredmethods="4"/>
        <line num="13" count="1" type="stmt"/>
        <line num="25" count="1" type="stmt"/>
        <line num="37" count="1" type="stmt"/>
        <line num="55" count="17" type="stmt"/>
        <line num="81" count="8" type="stmt"/>
        <line num="82" count="8" type="stmt"/>
        <line num="84" count="8" type="stmt"/>
        <line num="85" count="0" type="stmt"/>
        <line num="86" count="0" type="stmt"/>
        <line num="87" count="0" type="cond" truecount="0" falsecount="2"/>
        <line num="88" count="0" type="stmt"/>
        <line num="89" count="0" type="stmt"/>
        <line num="93" count="8" type="stmt"/>
        <line num="94" count="0" type="stmt"/>
        <line num="95" count="0" type="stmt"/>
        <line num="96" count="0" type="cond" truecount="0" falsecount="2"/>
        <line num="97" count="0" type="cond" truecount="0" falsecount="2"/>
        <line num="98" count="0" type="stmt"/>
        <line num="100" count="0" type="cond" truecount="0" falsecount="2"/>
        <line num="101" count="0" type="stmt"/>
        <line num="102" count="0" type="stmt"/>
        <line num="106" count="8" type="stmt"/>
        <line num="107" count="0" type="stmt"/>
        <line num="110" count="8" type="cond" truecount="2" falsecount="0"/>
        <line num="111" count="8" type="cond" truecount="2" falsecount="0"/>
        <line num="112" count="8" type="cond" truecount="2" falsecount="0"/>
        <line num="113" count="8" type="cond" truecount="2" falsecount="0"/>
        <line num="114" count="8" type="cond" truecount="2" falsecount="0"/>
        <line num="115" count="8" type="stmt"/>
        <line num="118" count="8" type="cond" truecount="6" falsecount="0"/>
        <line num="120" count="8" type="stmt"/>
        <line num="128" count="0" type="stmt"/>
        <line num="136" count="8" type="stmt"/>
        <line num="139" count="0" type="stmt"/>
        <line num="158" count="0" type="stmt"/>
        <line num="173" count="0" type="stmt"/>
        <line num="191" count="0" type="cond" truecount="0" falsecount="2"/>
        <line num="228" count="23" type="stmt"/>
        <line num="231" count="0" type="stmt"/>
      </file>
      <file name="GroupByToggle.tsx" path="/private/tmp/claude-501/-Users-sakae-dev-alpha-trade/967d72ff-76f5-412d-944c-5074c016516a/scratchpad/wt-393/frontend/src/components/browser/GroupByToggle.tsx">
        <metrics statements="7" coveredstatements="0" conditionals="4" coveredconditionals="0" methods="3" coveredmethods="0"/>
        <line num="11" count="0" type="stmt"/>
        <line num="21" count="0" type="stmt"/>
        <line num="22" count="0" type="stmt"/>
        <line num="29" count="0" type="stmt"/>
        <line num="45" count="0" type="stmt"/>
        <line num="46" count="0" type="stmt"/>
        <line num="53" count="0" type="stmt"/>
      </file>
      <file name="Heroline.tsx" path="/private/tmp/claude-501/-Users-sakae-dev-alpha-trade/967d72ff-76f5-412d-944c-5074c016516a/scratchpad/wt-393/frontend/src/components/browser/Heroline.tsx">
        <metrics statements="22" coveredstatements="0" conditionals="26" coveredconditionals="0" methods="4" coveredmethods="0"/>
        <line num="21" count="0" type="stmt"/>
        <line num="22" count="0" type="stmt"/>
        <line num="25" count="0" type="stmt"/>
        <line num="26" count="0" type="stmt"/>
        <line num="27" count="0" type="stmt"/>
        <line num="28" count="0" type="stmt"/>
        <line num="30" count="0" type="stmt"/>
        <line num="33" count="0" type="stmt"/>
        <line num="34" count="0" type="cond" truecount="0" falsecount="2"/>
        <line num="35" count="0" type="cond" truecount="0" falsecount="2"/>
        <line num="36" count="0" type="cond" truecount="0" falsecount="2"/>
        <line num="38" count="0" type="cond" truecount="0" falsecount="2"/>
        <line num="39" count="0" type="stmt"/>
        <line num="40" count="0" type="cond" truecount="0" falsecount="4"/>
        <line num="44" count="0" type="stmt"/>
        <line num="53" count="0" type="cond" truecount="0" falsecount="2"/>
        <line num="54" count="0" type="cond" truecount="0" falsecount="2"/>
        <line num="55" count="0" type="cond" truecount="0" falsecount="2"/>
        <line num="56" count="0" type="stmt"/>
        <line num="60" count="0" type="stmt"/>
        <line num="61" count="0" type="stmt"/>
        <line num="63" count="0" type="stmt"/>
      </file>
      <file name="RecipeRow.tsx" path="/private/tmp/claude-501/-Users-sakae-dev-alpha-trade/967d72ff-76f5-412d-944c-5074c016516a/scratchpad/wt-393/frontend/src/components/browser/RecipeRow.tsx">
        <metrics statements="23" coveredstatements="15" conditionals="56" coveredconditionals="42" methods="10" coveredmethods="3"/>
        <line num="38" count="18" type="stmt"/>
        <line num="39" count="18" type="stmt"/>
        <line num="43" count="18" type="stmt"/>
        <line num="50" count="18" type="cond" truecount="2" falsecount="0"/>
        <line num="51" count="18" type="stmt"/>
        <line num="52" count="18" type="cond" truecount="2" falsecount="0"/>
        <line num="53" count="18" type="cond" truecount="2" falsecount="0"/>
        <line num="54" count="18" type="cond" truecount="1" falsecount="1"/>
        <line num="56" count="18" type="stmt"/>
        <line num="57" count="1" type="stmt"/>
        <line num="58" count="1" type="cond" truecount="1" falsecount="1"/>
        <line num="61" count="18" type="stmt"/>
        <line num="62" count="0" type="stmt"/>
        <line num="63" count="0" type="stmt"/>
        <line num="67" count="18" type="cond" truecount="2" falsecount="2"/>
        <line num="98" count="18" type="stmt"/>
        <line num="102" count="0" type="cond" truecount="0" falsecount="2"/>
        <line num="113" count="0" type="stmt"/>
        <line num="120" count="0" type="cond" truecount="0" falsecount="2"/>
        <line num="140" count="2" type="stmt"/>
        <line num="162" count="0" type="stmt"/>
        <line num="178" count="0" type="stmt"/>
        <line num="179" count="0" type="stmt"/>
      </file>
      <file name="RunCompareView.tsx" path="/private/tmp/claude-501/-Users-sakae-dev-alpha-trade/967d72ff-76f5-412d-944c-5074c016516a/scratchpad/wt-393/frontend/src/components/browser/RunCompareView.tsx">
        <metrics statements="20" coveredstatements="19" conditionals="29" coveredconditionals="22" methods="6" coveredmethods="6"/>
        <line num="29" count="2" type="stmt"/>
        <line num="45" count="3" type="stmt"/>
        <line num="46" count="3" type="stmt"/>
        <line num="50" count="36" type="stmt"/>
        <line num="51" count="36" type="cond" truecount="1" falsecount="1"/>
        <line num="56" count="18" type="cond" truecount="2" falsecount="0"/>
        <line num="57" count="18" type="cond" truecount="2" falsecount="0"/>
        <line num="58" count="2" type="cond" truecount="1" falsecount="1"/>
        <line num="59" count="0" type="stmt"/>
        <line num="70" count="6" type="stmt"/>
        <line num="71" count="6" type="stmt"/>
        <line num="72" count="6" type="stmt"/>
        <line num="74" count="6" type="stmt"/>
        <line num="81" count="6" type="stmt"/>
        <line num="139" count="2" type="stmt"/>
        <line num="140" count="2" type="stmt"/>
        <line num="161" count="18" type="stmt"/>
[...]
        <line num="235" count="0" type="stmt"/>
        <line num="243" count="0" type="stmt"/>
        <line num="251" count="0" type="stmt"/>
        <line num="259" count="0" type="stmt"/>
        <line num="267" count="0" type="stmt"/>
        <line num="275" count="11" type="stmt"/>
        <line num="324" count="0" type="stmt"/>
        <line num="335" count="0" type="stmt"/>
      </file>
    </package>
    <package name="src.screens">
      <metrics statements="271" coveredstatements="154" conditionals="434" coveredconditionals="212" methods="131" coveredmethods="63"/>
      <file name="BacktestScreen.tsx" path="/private/tmp/claude-501/-Users-sakae-dev-alpha-trade/967d72ff-76f5-412d-944c-5074c016516a/scratchpad/wt-393/frontend/src/screens/BacktestScreen.tsx">
        <metrics statements="25" coveredstatements="20" conditionals="44" coveredconditionals="26" methods="10" coveredmethods="6"/>
        <line num="46" count="22" type="stmt"/>
        <line num="47" count="22" type="stmt"/>
        <line num="49" count="22" type="stmt"/>
        <line num="51" count="22" type="stmt"/>
        <line num="52" count="22" type="stmt"/>
        <line num="53" count="22" type="stmt"/>
        <line num="55" count="22" type="stmt"/>
        <line num="56" count="22" type="stmt"/>
        <line num="58" count="22" type="stmt"/>
        <line num="62" count="0" type="stmt"/>
        <line num="63" count="0" type="cond" truecount="0" falsecount="2"/>
        <line num="66" count="22" type="stmt"/>
        <line num="79" count="22" type="stmt"/>
        <line num="86" count="22" type="stmt"/>
        <line num="94" count="22" type="cond" truecount="1" falsecount="1"/>
        <line num="98" count="22" type="stmt"/>
        <line num="99" count="22" type="stmt"/>
        <line num="100" count="22" type="stmt"/>
        <line num="102" count="22" type="stmt"/>
        <line num="126" count="132" type="stmt"/>
        <line num="166" count="1" type="stmt"/>
        <line num="174" count="0" type="stmt"/>
        <line num="181" count="0" type="stmt"/>
        <line num="271" count="0" type="stmt"/>
        <line num="365" count="19" type="stmt"/>
      </file>
      <file name="BrowseScreen.tsx" path="/private/tmp/claude-501/-Users-sakae-dev-alpha-trade/967d72ff-76f5-412d-944c-5074c016516a/scratchpad/wt-393/frontend/src/screens/BrowseScreen.tsx">
        <metrics statements="8" coveredstatements="0" conditionals="13" coveredconditionals="0" methods="5" coveredmethods="0"/>
        <line num="43" count="0" type="stmt"/>
        <line num="47" count="0" type="stmt"/>
        <line num="48" count="0" type="stmt"/>
        <line num="49" count="0" type="stmt"/>
        <line num="50" count="0" type="stmt"/>
        <line num="51" count="0" type="cond" truecount="0" falsecount="2"/>
        <line num="61" count="0" type="stmt"/>
        <line num="115" count="0" type="stmt"/>
      </file>
      <file name="CompareScreen.tsx" path="/private/tmp/claude-501/-Users-sakae-dev-alpha-trade/967d72ff-76f5-412d-944c-5074c016516a/scratchpad/wt-393/frontend/src/screens/CompareScreen.tsx">
        <metrics statements="36" coveredstatements="36" conditionals="47" coveredconditionals="38" methods="19" coveredmethods="19"/>
        <line num="25" count="2" type="stmt"/>
        <line num="35" count="16" type="cond" truecount="2" falsecount="0"/>
        <line num="36" count="15" type="cond" truecount="2" falsecount="0"/>
        <line num="40" count="16" type="cond" truecount="2" falsecount="0"/>
        <line num="41" count="15" type="cond" truecount="1" falsecount="1"/>
        <line num="42" count="15" type="cond" truecount="2" falsecount="0"/>
        <line num="43" count="7" type="stmt"/>
        <line num="47" count="10" type="stmt"/>
        <line num="48" count="10" type="stmt"/>
        <line num="50" count="10" type="stmt"/>
        <line num="51" count="10" type="stmt"/>
        <line num="52" count="16" type="stmt"/>
        <line num="53" count="16" type="stmt"/>
        <line num="63" count="10" type="cond" truecount="2" falsecount="0"/>
        <line num="65" count="8" type="cond" truecount="1" falsecount="1"/>
        <line num="69" count="16" type="stmt"/>
        <line num="71" count="10" type="cond" truecount="1" falsecount="1"/>
        <line num="76" count="10" type="stmt"/>
        <line num="77" count="16" type="stmt"/>
        <line num="78" count="16" type="cond" truecount="2" falsecount="0"/>
        <line num="79" count="16" type="stmt"/>
        <line num="80" count="46" type="stmt"/>
        <line num="82" count="10" type="cond" truecount="1" falsecount="1"/>
        <line num="83" count="8" type="stmt"/>
        <line num="84" count="8" type="stmt"/>
        <line num="89" count="10" type="cond" truecount="3" falsecount="0"/>
        <line num="93" count="10" type="stmt"/>
        <line num="94" count="16" type="stmt"/>
        <line num="95" count="16" type="stmt"/>
        <line num="101" count="10" type="stmt"/>
        <line num="188" count="16" type="stmt"/>
        <line num="218" count="1" type="stmt"/>
        <line num="223" count="1" type="stmt"/>
        <line num="224" count="1" type="stmt"/>
        <line num="255" count="16" type="cond" truecount="1" falsecount="1"/>
        <line num="256" count="16" type="stmt"/>
      </file>
      <file name="ISOOSScreen.tsx" path="/private/tmp/claude-501/-Users-sakae-dev-alpha-trade/967d72ff-76f5-412d-944c-5074c016516a/scratchpad/wt-393/frontend/src/screens/ISOOSScreen.tsx">
        <metrics statements="23" coveredstatements="22" conditionals="47" coveredconditionals="33" methods="5" coveredmethods="5"/>
        <line num="15" count="2" type="stmt"/>
        <line num="18" count="4" type="stmt"/>
        <line num="19" count="4" type="stmt"/>
        <line num="20" count="4" type="stmt"/>
        <line num="21" count="4" type="cond" truecount="3" falsecount="1"/>
        <line num="22" count="0" type="stmt"/>
        <line num="34" count="4" type="cond" truecount="1" falsecount="1"/>
        <line num="35" count="4" type="cond" truecount="1" falsecount="1"/>
        <line num="38" count="4" type="cond" truecount="4" falsecount="1"/>
        <line num="39" count="4" type="stmt"/>
        <line num="40" count="12" type="stmt"/>
        <line num="41" count="12" type="stmt"/>
        <line num="42" count="12" type="cond" truecount="3" falsecount="0"/>
        <line num="47" count="4" type="stmt"/>
        <line num="48" count="4" type="stmt"/>
        <line num="50" count="4" type="cond" truecount="5" falsecount="0"/>
        <line num="53" count="4" type="cond" truecount="1" falsecount="1"/>
        <line num="55" count="4" type="cond" truecount="2" falsecount="0"/>
        <line num="60" count="4" type="stmt"/>
        <line num="84" count="12" type="stmt"/>
        <line num="118" count="4" type="stmt"/>
        <line num="150" count="4" type="cond" truecount="1" falsecount="1"/>
        <line num="153" count="4" type="cond" truecount="1" falsecount="1"/>
      </file>
      <file name="IdeasScreen.tsx" path="/private/tmp/claude-501/-Users-sakae-dev-alpha-trade/967d72ff-76f5-412d-944c-5074c016516a/scratchpad/wt-393/frontend/src/screens/IdeasScreen.tsx">
        <metrics statements="33" coveredstatements="0" conditionals="69" coveredconditionals="0" methods="16" coveredmethods="0"/>
        <line num="10" count="0" type="stmt"/>
        <line num="14" count="0" type="stmt"/>
        <line num="20" count="0" type="stmt"/>
        <line num="21" count="0" type="cond" truecount="0" falsecount="2"/>
        <line num="25" count="0" type="cond" truecount="0" falsecount="2"/>
        <line num="26" count="0" type="cond" truecount="0" falsecount="2"/>
        <line num="27" count="0" type="cond" truecount="0" falsecount="2"/>
        <line num="28" count="0" type="stmt"/>
        <line num="58" count="0" type="stmt"/>
        <line num="59" count="0" type="cond" truecount="0" falsecount="2"/>
        <line num="61" count="0" type="stmt"/>
        <line num="145" count="0" type="stmt"/>
        <line num="148" count="0" type="stmt"/>
        <line num="152" count="0" type="cond" truecount="0" falsecount="2"/>
        <line num="169" count="0" type="stmt"/>
        <line num="173" count="0" type="cond" truecount="0" falsecount="2"/>
        <line num="210" count="0" type="stmt"/>
        <line num="225" count="0" type="stmt"/>
        <line num="226" count="0" type="cond" truecount="0" falsecount="2"/>
        <line num="227" count="0" type="cond" truecount="0" falsecount="2"/>
        <line num="228" count="0" type="cond" truecount="0" falsecount="2"/>
        <line num="229" count="0" type="cond" truecount="0" falsecount="2"/>
        <line num="232" count="0" type="cond" truecount="0" falsecount="3"/>
        <line num="235" count="0" type="cond" truecount="0" falsecount="2"/>
        <line num="236" count="0" type="cond" truecount="0" falsecount="2"/>
        <line num="237" count="0" type="cond" truecount="0" falsecount="2"/>
        <line num="239" count="0" type="stmt"/>
        <line num="294" count="0" type="stmt"/>
        <line num="316" count="0" type="stmt"/>
        <line num="348" count="0" type="stmt"/>
        <line num="429" count="0" type="stmt"/>
        <line num="458" count="0" type="stmt"/>
        <line num="459" count="0" type="stmt"/>
      </file>
      <file name="LiveScreen.tsx" path="/private/tmp/claude-501/-Users-sakae-dev-alpha-trade/967d72ff-76f5-412d-944c-5074c016516a/scratchpad/wt-393/frontend/src/screens/LiveScreen.tsx">
        <metrics statements="10" coveredstatements="10" conditionals="18" coveredconditionals="17" methods="5" coveredmethods="5"/>
        <line num="39" count="6" type="stmt"/>
        <line num="41" count="6" type="stmt"/>
        <line num="136" count="6" type="stmt"/>
        <line num="137" count="6" type="cond" truecount="2" falsecount="0"/>
        <line num="138" count="2" type="stmt"/>
        <line num="151" count="4" type="stmt"/>
        <line num="152" count="4" type="stmt"/>
        <line num="156" count="1" type="stmt"/>
        <line num="183" count="3" type="stmt"/>
        <line num="184" count="3" type="stmt"/>
      </file>
      <file name="MaintenanceScreen.tsx" path="/private/tmp/claude-501/-Users-sakae-dev-alpha-trade/967d72ff-76f5-412d-944c-5074c016516a/scratchpad/wt-393/frontend/src/screens/MaintenanceScreen.tsx">
        <metrics statements="17" coveredstatements="17" conditionals="24" coveredconditionals="24" methods="8" coveredmethods="8"/>
        <line num="33" count="2" type="stmt"/>
        <line num="52" count="2" type="stmt"/>
        <line num="63" count="50" type="stmt"/>
        <line num="74" count="24" type="stmt"/>
        <line num="75" count="24" type="stmt"/>
        <line num="81" count="1" type="stmt"/>
        <line num="107" count="2" type="stmt"/>
        <line num="108" count="2" type="stmt"/>
        <line num="109" count="2" type="stmt"/>
        <line num="169" count="24" type="stmt"/>
        <line num="170" count="24" type="stmt"/>
        <line num="172" count="24" type="stmt"/>
        <line num="173" count="24" type="stmt"/>
        <line num="174" count="5" type="stmt"/>
        <line num="175" count="24" type="stmt"/>
        <line num="177" count="24" type="stmt"/>
        <line num="334" count="24" type="stmt"/>
      </file>
      <file name="OptimizeScreen.tsx" path="/private/tmp/claude-501/-Users-sakae-dev-alpha-trade/967d72ff-76f5-412d-944c-5074c016516a/scratchpad/wt-393/frontend/src/screens/OptimizeScreen.tsx">
        <metrics statements="38" coveredstatements="34" conditionals="70" coveredconditionals="57" methods="21" coveredmethods="17"/>
        <line num="20" count="28" type="stmt"/>
        <line num="26" count="17" type="stmt"/>
        <line num="27" count="17" type="cond" truecount="2" falsecount="0"/>
        <line num="28" count="17" type="cond" truecount="2" falsecount="0"/>
        <line num="29" count="17" type="stmt"/>
        <line num="32" count="17" type="stmt"/>
        <line num="33" count="17" type="stmt"/>
        <line num="34" count="17" type="stmt"/>
        <line num="36" count="17" type="stmt"/>
        <line num="37" count="17" type="stmt"/>
        <line num="42" count="17" type="cond" truecount="2" falsecount="2"/>
        <line num="45" count="28" type="stmt"/>
        <line num="47" count="17" type="cond" truecount="2" falsecount="2"/>
        <line num="51" count="17" type="cond" truecount="2" falsecount="2"/>
        <line num="55" count="17" type="stmt"/>
        <line num="56" count="17" type="stmt"/>
        <line num="57" count="17" type="stmt"/>
        <line num="59" count="17" type="cond" truecount="4" falsecount="0"/>
        <line num="63" count="17" type="stmt"/>
        <line num="90" count="1" type="stmt"/>
        <line num="102" count="2" type="stmt"/>
        <line num="134" count="1" type="stmt"/>
        <line num="137" count="5" type="stmt"/>
        <line num="157" count="0" type="stmt"/>
        <line num="161" count="19" type="stmt"/>
        <line num="212" count="0" type="stmt"/>
        <line num="216" count="8" type="stmt"/>
        <line num="227" count="0" type="stmt"/>
        <line num="231" count="4" type="stmt"/>
        <line num="242" count="0" type="stmt"/>
        <line num="246" count="8" type="stmt"/>
        <line num="283" count="28" type="stmt"/>
        <line num="299" count="43" type="stmt"/>
        <line num="308" count="82" type="stmt"/>
        <line num="390" count="2" type="stmt"/>
        <line num="402" count="2" type="stmt"/>
        <line num="412" count="2" type="stmt"/>
        <line num="421" count="2" type="stmt"/>
      </file>
      <file name="StrategyScreen.tsx" path="/private/tmp/claude-501/-Users-sakae-dev-alpha-trade/967d72ff-76f5-412d-944c-5074c016516a/scratchpad/wt-393/frontend/src/screens/StrategyScreen.tsx">
        <metrics statements="64" coveredstatements="0" conditionals="71" coveredconditionals="0" methods="36" coveredmethods="0"/>
        <line num="21" count="0" type="stmt"/>
        <line num="22" count="0" type="stmt"/>
        <line num="59" count="0" type="stmt"/>
        <line num="60" count="0" type="stmt"/>
        <line num="80" count="0" type="stmt"/>
        <line num="81" count="0" type="stmt"/>
        <line num="82" count="0" type="stmt"/>
        <line num="83" count="0" type="cond" truecount="0" falsecount="2"/>
        <line num="84" count="0" type="stmt"/>
        <line num="89" count="0" type="stmt"/>
        <line num="94" count="0" type="stmt"/>
        <line num="103" count="0" type="stmt"/>
        <line num="116" count="0" type="stmt"/>
        <line num="117" count="0" type="stmt"/>
        <line num="118" count="0" type="cond" truecount="0" falsecount="2"/>
        <line num="120" count="0" type="stmt"/>
        <line num="121" count="0" type="stmt"/>
        <line num="122" count="0" type="cond" truecount="0" falsecount="2"/>
        <line num="123" count="0" type="stmt"/>
        <line num="124" count="0" type="stmt"/>
        <line num="127" count="0" type="stmt"/>
        <line num="133" count="0" type="stmt"/>
        <line num="138" count="0" type="stmt"/>
        <line num="141" count="0" type="stmt"/>
        <line num="152" count="0" type="stmt"/>
        <line num="153" count="0" type="stmt"/>
        <line num="154" count="0" type="stmt"/>
        <line num="156" count="0" type="stmt"/>
        <line num="174" count="0" type="stmt"/>
        <line num="175" count="0" type="stmt"/>
        <line num="176" count="0" type="stmt"/>
        <line num="181" count="0" type="stmt"/>
        <line num="194" count="0" type="stmt"/>
        <line num="195" count="0" type="stmt"/>
        <line num="196" count="0" type="stmt"/>
        <line num="201" count="0" type="stmt"/>
        <line num="214" count="0" type="stmt"/>
        <line num="216" count="0" type="cond" truecount="0" falsecount="2"/>
        <line num="217" count="0" type="stmt"/>
        <line num="222" count="0" type="stmt"/>
        <line num="229" count="0" type="stmt"/>
        <line num="237" count="0" type="stmt"/>
        <line num="238" count="0" type="stmt"/>
        <line num="254" count="0" type="stmt"/>
        <line num="255" count="0" type="cond" truecount="0" falsecount="2"/>
        <line num="256" count="0" type="cond" truecount="0" falsecount="2"/>
        <line num="257" count="0" type="cond" truecount="0" falsecount="4"/>
        <line num="258" count="0" type="cond" truecount="0" falsecount="2"/>
        <line num="259" count="0" type="stmt"/>
        <line num="274" count="0" type="stmt"/>
        <line num="275" count="0" type="stmt"/>
        <line num="295" count="0" type="stmt"/>
        <line num="297" count="0" type="stmt"/>
        <line num="305" count="0" type="stmt"/>
        <line num="306" count="0" type="stmt"/>
        <line num="307" count="0" type="stmt"/>
        <line num="313" count="0" type="stmt"/>
        <line num="318" count="0" type="stmt"/>
        <line num="330" count="0" type="stmt"/>
        <line num="331" count="0" type="stmt"/>
        <line num="332" count="0" type="stmt"/>
        <line num="337" count="0" type="stmt"/>
        <line num="342" count="0" type="stmt"/>
        <line num="354" count="0" type="stmt"/>
      </file>
      <file name="WFOScreen.tsx" path="/private/tmp/claude-501/-Users-sakae-dev-alpha-trade/967d72ff-76f5-412d-944c-5074c016516a/scratchpad/wt-393/frontend/src/screens/WFOScreen.tsx">
        <metrics statements="17" coveredstatements="15" conditionals="31" coveredconditionals="17" methods="6" coveredmethods="3"/>
        <line num="20" count="8" type="cond" truecount="4" falsecount="0"/>
        <line num="21" count="6" type="stmt"/>
        <line num="22" count="6" type="stmt"/>
        <line num="23" count="6" type="cond" truecount="4" falsecount="1"/>
        <line num="24" count="6" type="stmt"/>
        <line num="28" count="4" type="stmt"/>
        <line num="29" count="4" type="stmt"/>
        <line num="33" count="4" type="stmt"/>
        <line num="34" count="4" type="cond" truecount="1" falsecount="1"/>
        <line num="35" count="4" type="cond" truecount="1" falsecount="1"/>
        <line num="38" count="4" type="stmt"/>
        <line num="46" count="4" type="stmt"/>
        <line num="47" count="4" type="stmt"/>
        <line num="51" count="4" type="stmt"/>
        <line num="59" count="8" type="stmt"/>
        <line num="84" count="0" type="stmt"/>
        <line num="125" count="0" type="stmt"/>
      </file>
    </package>
    <package name="src.screens.strategy">
      <metrics statements="14" coveredstatements="0" conditionals="23" coveredconditionals="0" methods="4" coveredmethods="0"/>
      <file name="SignalChartCard.tsx" path="/private/tmp/claude-501/-Users-sakae-dev-alpha-trade/967d72ff-76f5-412d-944c-5074c016516a/scratchpad/wt-393/frontend/src/screens/strategy/SignalChartCard.tsx">
        <metrics statements="14" coveredstatements="0" conditionals="23" coveredconditionals="0" methods="4" coveredmethods="0"/>
        <line num="29" count="0" type="stmt"/>
        <line num="31" count="0" type="cond" truecount="0" falsecount="2"/>
        <line num="35" count="0" type="stmt"/>
        <line num="43" count="0" type="stmt"/>
        <line num="44" count="0" type="stmt"/>
        <line num="46" count="0" type="cond" truecount="0" falsecount="4"/>
        <line num="47" count="0" type="stmt"/>
        <line num="49" count="0" type="cond" truecount="0" falsecount="2"/>
        <line num="50" count="0" type="stmt"/>
        <line num="59" count="0" type="cond" truecount="0" falsecount="2"/>
        <line num="60" count="0" type="stmt"/>
        <line num="64" count="0" type="stmt"/>
        <line num="89" count="0" type="stmt"/>
        <line num="117" count="0" type="stmt"/>
      </file>
    </package>
  </project>
</coverage>
